Using pre-set license
Built from '2020.3/release' branch; Version is '2020.3.7f1 (dd97f2c94397) revision 14522354'; Using compiler version '192528614'; Build Type 'Release'
OS: 'Windows 10 Home Single Language; OS build 22631.3527; Version 2009; 64bit' Language: 'en' Physical Memory: 8023 MB
BatchMode: 1, IsHumanControllingUs: 0, StartBugReporterOnCrash: 0, Is64bit: 1, IsPro: 0

 COMMAND LINE ARGUMENTS:
C:\Program Files\Unity\Hub\Editor\2020.3.7f1\Editor\Unity.exe
-adb2
-batchMode
-noUpm
-name
AssetImportWorker0
-projectPath
C:/Users/risha/Videos/Virtual-X
-logFile
Logs/AssetImportWorker0.log
-srvPort
50420
Successfully changed project path to: C:/Users/risha/Videos/Virtual-X
C:/Users/risha/Videos/Virtual-X
Using Asset Import Pipeline V2.
Refreshing native plugins compatible for Editor in 217.79 ms, found 2 plugins.
Preloading 0 native plugins for Editor in 0.00 ms.
Initialize engine version: 2020.3.7f1 (dd97f2c94397)
[Subsystems] Discovering subsystems at path C:/Program Files/Unity/Hub/Editor/2020.3.7f1/Editor/Data/Resources/UnitySubsystems
[Subsystems] Discovering subsystems at path C:/Users/risha/Videos/Virtual-X/Assets
GfxDevice: creating device client; threaded=0
Direct3D:
    Version:  Direct3D 11.0 [level 11.1]
    Renderer: NVIDIA GeForce GTX 1650 (ID=0x1f99)
    Vendor:   
    VRAM:     3962 MB
    Driver:   31.0.15.1640
Initialize mono
Mono path[0] = 'C:/Program Files/Unity/Hub/Editor/2020.3.7f1/Editor/Data/Managed'
Mono path[1] = 'C:/Program Files/Unity/Hub/Editor/2020.3.7f1/Editor/Data/MonoBleedingEdge/lib/mono/unityjit'
Mono config path = 'C:/Program Files/Unity/Hub/Editor/2020.3.7f1/Editor/Data/MonoBleedingEdge/etc'
Using monoOptions --debugger-agent=transport=dt_socket,embedding=1,server=y,suspend=n,address=127.0.0.1:56412
Begin MonoManager ReloadAssembly
Registering precompiled unity dll's ...
Register platform support module: C:/Program Files/Unity/Hub/Editor/2020.3.7f1/Editor/Data/PlaybackEngines/WindowsStandaloneSupport/UnityEditor.WindowsStandalone.Extensions.dll
Registered in 0.002712 seconds.
Native extension for WindowsStandalone target not found
Refreshing native plugins compatible for Editor in 31.03 ms, found 2 plugins.
Preloading 0 native plugins for Editor in 0.00 ms.
Mono: successfully reloaded assembly
- Completed reload, in  3.241 seconds
Platform modules already initialized, skipping
Registering precompiled user dll's ...
Registered in 0.011827 seconds.
Begin MonoManager ReloadAssembly
Native extension for WindowsStandalone target not found
Refreshing native plugins compatible for Editor in 0.49 ms, found 2 plugins.
Preloading 0 native plugins for Editor in 0.00 ms.
Mono: successfully reloaded assembly
- Completed reload, in  0.984 seconds
Platform modules already initialized, skipping
========================================================================
Worker process is ready to serve import requests
Launched and connected shader compiler UnityShaderCompiler.exe after 0.04 seconds
Refreshing native plugins compatible for Editor in 0.39 ms, found 2 plugins.
Preloading 0 native plugins for Editor in 0.00 ms.
Unloading 1779 Unused Serialized files (Serialized files now loaded: 0)
System memory in use before: 80.4 MB.
System memory in use after: 80.5 MB.

Unloading 22 unused Assets to reduce memory usage. Loaded Objects now: 2214.
Total: 2.294900 ms (FindLiveObjects: 0.295100 ms CreateObjectMapping: 0.124700 ms MarkObjects: 1.805500 ms  DeleteObjects: 0.068800 ms)

========================================================================
Received Import Request.
  path: Assets/Scenes/Planets/Jupiter.unity
  artifactKey: Guid(77baeefb32c13f04c8453a2695d7ff11) Importer(815301076,1909f56bfc062723c751e8b465ee728b)
Start importing Assets/Scenes/Planets/Jupiter.unity using Guid(77baeefb32c13f04c8453a2695d7ff11) Importer(815301076,1909f56bfc062723c751e8b465ee728b)  -> (artifact id: 'ea200a29effac34fe9d8bb94efcf7bbb') in 0.017614 seconds
  Import took 0.021612 seconds .

========================================================================
Received Prepare
Registering precompiled user dll's ...
Registered in 0.004835 seconds.
Begin MonoManager ReloadAssembly
Native extension for WindowsStandalone target not found
Refreshing native plugins compatible for Editor in 0.43 ms, found 2 plugins.
Preloading 0 native plugins for Editor in 0.00 ms.
Mono: successfully reloaded assembly
- Completed reload, in  0.945 seconds
Platform modules already initialized, skipping
Switching build target platform(5) subTarget(0) extendedPlatform(0) -> platform(13) subTarget(524288) extendedPlatform(0)
Refreshing native plugins compatible for Editor in 0.52 ms, found 2 plugins.
Preloading 0 native plugins for Editor in 0.00 ms.
Unloading 1756 Unused Serialized files (Serialized files now loaded: 0)
System memory in use before: 78.2 MB.
System memory in use after: 78.3 MB.

Unloading 17 unused Assets to reduce memory usage. Loaded Objects now: 2217.
Total: 8.132900 ms (FindLiveObjects: 4.756700 ms CreateObjectMapping: 0.177400 ms MarkObjects: 3.109900 ms  DeleteObjects: 0.086200 ms)

AssetImportParameters requested are different than current active one (requested -> active):
  custom:graphics/normal-map-encoding: 01000000000000000000000000000000 -> 02000000000000000000000000000000
========================================================================
Received Import Request.
  Time since last request: 1177.265007 seconds.
  path: Assets/Scenes/Planets/Jupiter.unity
  artifactKey: Guid(77baeefb32c13f04c8453a2695d7ff11) Importer(815301076,1909f56bfc062723c751e8b465ee728b)
Start importing Assets/Scenes/Planets/Jupiter.unity using Guid(77baeefb32c13f04c8453a2695d7ff11) Importer(815301076,1909f56bfc062723c751e8b465ee728b)  -> (artifact id: 'de674658e283c9ad782c9c8b729e46e8') in 0.015286 seconds
  Import took 0.029741 seconds .

========================================================================
Received Prepare
Registering precompiled user dll's ...
Registered in 0.020926 seconds.
Begin MonoManager ReloadAssembly
Native extension for WindowsStandalone target not found
Refreshing native plugins compatible for Editor in 0.43 ms, found 2 plugins.
Preloading 0 native plugins for Editor in 0.00 ms.
Mono: successfully reloaded assembly
- Completed reload, in  0.910 seconds
Platform modules already initialized, skipping
Switching build target platform(5) subTarget(0) extendedPlatform(0) -> platform(13) subTarget(524288) extendedPlatform(0)
Refreshing native plugins compatible for Editor in 0.40 ms, found 2 plugins.
Preloading 0 native plugins for Editor in 0.00 ms.
Unloading 1756 Unused Serialized files (Serialized files now loaded: 0)
System memory in use before: 78.3 MB.
System memory in use after: 78.4 MB.

Unloading 17 unused Assets to reduce memory usage. Loaded Objects now: 2220.
Total: 2.470400 ms (FindLiveObjects: 0.319400 ms CreateObjectMapping: 0.097100 ms MarkObjects: 2.014300 ms  DeleteObjects: 0.037200 ms)

AssetImportParameters requested are different than current active one (requested -> active):
  custom:graphics/normal-map-encoding: 01000000000000000000000000000000 -> 02000000000000000000000000000000
========================================================================
Received Prepare
Registering precompiled user dll's ...
Registered in 0.003535 seconds.
Begin MonoManager ReloadAssembly
Native extension for WindowsStandalone target not found
Refreshing native plugins compatible for Editor in 0.41 ms, found 2 plugins.
Preloading 0 native plugins for Editor in 0.00 ms.
Mono: successfully reloaded assembly
- Completed reload, in  0.884 seconds
Platform modules already initialized, skipping
Switching build target platform(5) subTarget(0) extendedPlatform(0) -> platform(13) subTarget(524288) extendedPlatform(0)
Refreshing native plugins compatible for Editor in 0.40 ms, found 2 plugins.
Preloading 0 native plugins for Editor in 0.00 ms.
Unloading 1756 Unused Serialized files (Serialized files now loaded: 0)
System memory in use before: 78.3 MB.
System memory in use after: 78.4 MB.

Unloading 17 unused Assets to reduce memory usage. Loaded Objects now: 2223.
Total: 2.636200 ms (FindLiveObjects: 0.294100 ms CreateObjectMapping: 0.082500 ms MarkObjects: 2.198300 ms  DeleteObjects: 0.058800 ms)

AssetImportParameters requested are different than current active one (requested -> active):
  custom:graphics/normal-map-encoding: 01000000000000000000000000000000 -> 02000000000000000000000000000000
========================================================================
Received Prepare
Registering precompiled user dll's ...
Registered in 0.003509 seconds.
Begin MonoManager ReloadAssembly
Native extension for WindowsStandalone target not found
Refreshing native plugins compatible for Editor in 1.14 ms, found 2 plugins.
Preloading 0 native plugins for Editor in 0.00 ms.
Mono: successfully reloaded assembly
- Completed reload, in  1.221 seconds
Platform modules already initialized, skipping
Switching build target platform(5) subTarget(0) extendedPlatform(0) -> platform(13) subTarget(524288) extendedPlatform(0)
Refreshing native plugins compatible for Editor in 0.43 ms, found 2 plugins.
Preloading 0 native plugins for Editor in 0.00 ms.
Unloading 1756 Unused Serialized files (Serialized files now loaded: 0)
System memory in use before: 78.3 MB.
System memory in use after: 78.4 MB.

Unloading 17 unused Assets to reduce memory usage. Loaded Objects now: 2226.
Total: 6.793800 ms (FindLiveObjects: 4.553100 ms CreateObjectMapping: 0.171300 ms MarkObjects: 2.032300 ms  DeleteObjects: 0.036000 ms)

AssetImportParameters requested are different than current active one (requested -> active):
  custom:graphics/normal-map-encoding: 01000000000000000000000000000000 -> 02000000000000000000000000000000
========================================================================
Received Import Request.
  Time since last request: 2685.514598 seconds.
  path: Assets/Scenes/Planets/Mercury.unity
  artifactKey: Guid(1902f6e6b016e4043ac1ee3ad2a78b0b) Importer(815301076,1909f56bfc062723c751e8b465ee728b)
Start importing Assets/Scenes/Planets/Mercury.unity using Guid(1902f6e6b016e4043ac1ee3ad2a78b0b) Importer(815301076,1909f56bfc062723c751e8b465ee728b)  -> (artifact id: '0d551d9d86c43f6a94cdcf1231941731') in 0.040514 seconds
  Import took 0.045533 seconds .

========================================================================
Received Import Request.
  Time since last request: 623.694253 seconds.
  path: Assets/Scenes/Planets/Neptune.unity
  artifactKey: Guid(d192edd3ca59df642829dd16bc77e883) Importer(815301076,1909f56bfc062723c751e8b465ee728b)
Start importing Assets/Scenes/Planets/Neptune.unity using Guid(d192edd3ca59df642829dd16bc77e883) Importer(815301076,1909f56bfc062723c751e8b465ee728b)  -> (artifact id: '6116ed556b1c6af26f18065e9d529757') in 0.010129 seconds
  Import took 0.015088 seconds .

========================================================================
Received Prepare
Registering precompiled user dll's ...
Registered in 0.003563 seconds.
Begin MonoManager ReloadAssembly
Native extension for WindowsStandalone target not found
Refreshing native plugins compatible for Editor in 0.46 ms, found 2 plugins.
Preloading 0 native plugins for Editor in 0.00 ms.
Mono: successfully reloaded assembly
- Completed reload, in  0.888 seconds
Platform modules already initialized, skipping
Switching build target platform(5) subTarget(0) extendedPlatform(0) -> platform(13) subTarget(524288) extendedPlatform(0)
Refreshing native plugins compatible for Editor in 0.46 ms, found 2 plugins.
Preloading 0 native plugins for Editor in 0.00 ms.
Unloading 1756 Unused Serialized files (Serialized files now loaded: 0)
System memory in use before: 78.4 MB.
System memory in use after: 78.4 MB.

Unloading 17 unused Assets to reduce memory usage. Loaded Objects now: 2229.
Total: 5.519100 ms (FindLiveObjects: 0.559800 ms CreateObjectMapping: 0.242100 ms MarkObjects: 4.633500 ms  DeleteObjects: 0.080700 ms)

AssetImportParameters requested are different than current active one (requested -> active):
  custom:graphics/normal-map-encoding: 01000000000000000000000000000000 -> 02000000000000000000000000000000
========================================================================
Received Prepare
Registering precompiled user dll's ...
Registered in 0.003543 seconds.
Begin MonoManager ReloadAssembly
Native extension for WindowsStandalone target not found
Refreshing native plugins compatible for Editor in 0.42 ms, found 2 plugins.
Preloading 0 native plugins for Editor in 0.00 ms.
Mono: successfully reloaded assembly
- Completed reload, in  0.888 seconds
Platform modules already initialized, skipping
Switching build target platform(5) subTarget(0) extendedPlatform(0) -> platform(13) subTarget(524288) extendedPlatform(0)
Refreshing native plugins compatible for Editor in 0.41 ms, found 2 plugins.
Preloading 0 native plugins for Editor in 0.00 ms.
Unloading 1756 Unused Serialized files (Serialized files now loaded: 0)
System memory in use before: 78.4 MB.
System memory in use after: 78.5 MB.

Unloading 17 unused Assets to reduce memory usage. Loaded Objects now: 2232.
Total: 2.332800 ms (FindLiveObjects: 0.361300 ms CreateObjectMapping: 0.108200 ms MarkObjects: 1.830000 ms  DeleteObjects: 0.031800 ms)

AssetImportParameters requested are different than current active one (requested -> active):
  custom:graphics/normal-map-encoding: 01000000000000000000000000000000 -> 02000000000000000000000000000000
========================================================================
Received Import Request.
  Time since last request: 2190.538719 seconds.
  path: Assets/Scenes/Planets/Uranus.unity
  artifactKey: Guid(d7b1d699dda70f64d869662ab00700a0) Importer(815301076,1909f56bfc062723c751e8b465ee728b)
Start importing Assets/Scenes/Planets/Uranus.unity using Guid(d7b1d699dda70f64d869662ab00700a0) Importer(815301076,1909f56bfc062723c751e8b465ee728b)  -> (artifact id: '2cc16d0070913210cb6b69c4b7d1dcc9') in 0.028858 seconds
  Import took 0.032441 seconds .

========================================================================
Received Import Request.
  Time since last request: 6.697787 seconds.
  path: Assets/Scenes/Planets/Neptune.unity
  artifactKey: Guid(d192edd3ca59df642829dd16bc77e883) Importer(815301076,1909f56bfc062723c751e8b465ee728b)
Start importing Assets/Scenes/Planets/Neptune.unity using Guid(d192edd3ca59df642829dd16bc77e883) Importer(815301076,1909f56bfc062723c751e8b465ee728b)  -> (artifact id: 'b62c92ba8922a3ee2f38f423b190dc65') in 0.003514 seconds
  Import took 0.019289 seconds .

========================================================================
Received Import Request.
  Time since last request: 0.003653 seconds.
  path: Assets/Scenes/Planets/Neptune.unity
  artifactKey: Guid(d192edd3ca59df642829dd16bc77e883) Importer(815301076,1909f56bfc062723c751e8b465ee728b)
Start importing Assets/Scenes/Planets/Neptune.unity using Guid(d192edd3ca59df642829dd16bc77e883) Importer(815301076,1909f56bfc062723c751e8b465ee728b)  -> (artifact id: 'b62c92ba8922a3ee2f38f423b190dc65') in 0.002387 seconds
  Import took 0.006504 seconds .

========================================================================
Received Import Request.
  Time since last request: 61.343390 seconds.
  path: Assets/Assets/3DModels/Jet Engine/Jet Turbine.prefab
  artifactKey: Guid(318475fe8baa84f409943705f654a947) Importer(815301076,1909f56bfc062723c751e8b465ee728b)
Start importing Assets/Assets/3DModels/Jet Engine/Jet Turbine.prefab using Guid(318475fe8baa84f409943705f654a947) Importer(815301076,1909f56bfc062723c751e8b465ee728b)  -> (artifact id: '688c247a5dce0a3ed916d682226991d6') in 0.525586 seconds
  Import took 0.531006 seconds .

========================================================================
Received Import Request.
  Time since last request: 3641.371269 seconds.
  path: Assets/Scenes/Planets/Mars.unity
  artifactKey: Guid(df392a8af8a5ce747bb170de977ecab7) Importer(815301076,1909f56bfc062723c751e8b465ee728b)
Start importing Assets/Scenes/Planets/Mars.unity using Guid(df392a8af8a5ce747bb170de977ecab7) Importer(815301076,1909f56bfc062723c751e8b465ee728b)  -> (artifact id: 'cbf8d606111a8a678ac8ae699859af68') in 0.012288 seconds
  Import took 0.018293 seconds .

========================================================================
Received Import Request.
  Time since last request: 0.000247 seconds.
  path: Assets/Scenes/Planets/Mars.unity
  artifactKey: Guid(df392a8af8a5ce747bb170de977ecab7) Importer(815301076,1909f56bfc062723c751e8b465ee728b)
Start importing Assets/Scenes/Planets/Mars.unity using Guid(df392a8af8a5ce747bb170de977ecab7) Importer(815301076,1909f56bfc062723c751e8b465ee728b)  -> (artifact id: 'cbf8d606111a8a678ac8ae699859af68') in 0.002798 seconds
  Import took 0.009572 seconds .

========================================================================
Received Prepare
Registering precompiled user dll's ...
Registered in 0.004502 seconds.
Begin MonoManager ReloadAssembly
Native extension for WindowsStandalone target not found
Refreshing native plugins compatible for Editor in 0.40 ms, found 2 plugins.
Preloading 0 native plugins for Editor in 0.00 ms.
Mono: successfully reloaded assembly
- Completed reload, in  0.884 seconds
Platform modules already initialized, skipping
Switching build target platform(5) subTarget(0) extendedPlatform(0) -> platform(13) subTarget(524288) extendedPlatform(0)
Refreshing native plugins compatible for Editor in 0.40 ms, found 2 plugins.
Preloading 0 native plugins for Editor in 0.00 ms.
Unloading 1756 Unused Serialized files (Serialized files now loaded: 0)
System memory in use before: 81.5 MB.
System memory in use after: 81.6 MB.

Unloading 17 unused Assets to reduce memory usage. Loaded Objects now: 2242.
Total: 4.371100 ms (FindLiveObjects: 0.762400 ms CreateObjectMapping: 0.359700 ms MarkObjects: 3.159400 ms  DeleteObjects: 0.086000 ms)

AssetImportParameters requested are different than current active one (requested -> active):
  custom:graphics/normal-map-encoding: 01000000000000000000000000000000 -> 02000000000000000000000000000000
========================================================================
Received Prepare
Refreshing native plugins compatible for Editor in 3.08 ms, found 2 plugins.
Preloading 0 native plugins for Editor in 0.00 ms.
Unloading 14 Unused Serialized files (Serialized files now loaded: 0)
System memory in use before: 47.1 MB.
System memory in use after: 47.2 MB.

Unloading 13 unused Assets to reduce memory usage. Loaded Objects now: 2243.
Total: 3.937100 ms (FindLiveObjects: 0.795600 ms CreateObjectMapping: 0.311200 ms MarkObjects: 2.807200 ms  DeleteObjects: 0.020100 ms)

========================================================================
Received Import Request.
  Time since last request: 1396.543673 seconds.
  path: Assets/Scenes/Planets/Mars.unity
  artifactKey: Guid(df392a8af8a5ce747bb170de977ecab7) Importer(815301076,1909f56bfc062723c751e8b465ee728b)
Start importing Assets/Scenes/Planets/Mars.unity using Guid(df392a8af8a5ce747bb170de977ecab7) Importer(815301076,1909f56bfc062723c751e8b465ee728b)  -> (artifact id: '945ac5982f7f010cd49cf398b2a82f98') in 0.059349 seconds
  Import took 0.115239 seconds .

========================================================================
Received Import Request.
  Time since last request: 209.760785 seconds.
  path: Assets/Scenes/Planets/Mercury.unity
  artifactKey: Guid(1902f6e6b016e4043ac1ee3ad2a78b0b) Importer(815301076,1909f56bfc062723c751e8b465ee728b)
Start importing Assets/Scenes/Planets/Mercury.unity using Guid(1902f6e6b016e4043ac1ee3ad2a78b0b) Importer(815301076,1909f56bfc062723c751e8b465ee728b)  -> (artifact id: '71e39f4a2862d76ab9e91ee96574177d') in 0.019880 seconds
  Import took 0.028141 seconds .

========================================================================
Received Import Request.
  Time since last request: 1434.547215 seconds.
  path: Assets/Scenes/Planets/Jupiter.unity
  artifactKey: Guid(77baeefb32c13f04c8453a2695d7ff11) Importer(815301076,1909f56bfc062723c751e8b465ee728b)
Start importing Assets/Scenes/Planets/Jupiter.unity using Guid(77baeefb32c13f04c8453a2695d7ff11) Importer(815301076,1909f56bfc062723c751e8b465ee728b)  -> (artifact id: '0884f380eedce5b12020a90f9b5b5b05') in 0.017208 seconds
  Import took 0.023578 seconds .

========================================================================
Received Import Request.
  Time since last request: 2032.404787 seconds.
  path: Assets/Assets/UI/dermis-removebg-preview.png
  artifactKey: Guid(ebf85f007f488694580b8b7e2873f478) Importer(815301076,1909f56bfc062723c751e8b465ee728b)
Start importing Assets/Assets/UI/dermis-removebg-preview.png using Guid(ebf85f007f488694580b8b7e2873f478) Importer(815301076,1909f56bfc062723c751e8b465ee728b)  -> (artifact id: 'cd85934f56db4154acc0038f9a3c06e5') in 0.233714 seconds
  Import took 0.238752 seconds .

========================================================================
Received Import Request.
  Time since last request: 27.622131 seconds.
  path: Assets/Assets/UI/dermis-removebg-preview.png
  artifactKey: Guid(ebf85f007f488694580b8b7e2873f478) Importer(815301076,1909f56bfc062723c751e8b465ee728b)
Start importing Assets/Assets/UI/dermis-removebg-preview.png using Guid(ebf85f007f488694580b8b7e2873f478) Importer(815301076,1909f56bfc062723c751e8b465ee728b)  -> (artifact id: 'e8caa6f6bdcfc1dff433518c5d7e5925') in 0.080193 seconds
  Import took 0.084493 seconds .

========================================================================
Received Import Request.
  Time since last request: 236.844288 seconds.
  path: Assets/Assets/UI/dermis1-removebg-preview.png
  artifactKey: Guid(aa5d089ccb3b7f64cb54afe9bd2f0a1b) Importer(815301076,1909f56bfc062723c751e8b465ee728b)
Start importing Assets/Assets/UI/dermis1-removebg-preview.png using Guid(aa5d089ccb3b7f64cb54afe9bd2f0a1b) Importer(815301076,1909f56bfc062723c751e8b465ee728b)  -> (artifact id: '3f08dad670317cd265811e88cb11b191') in 0.066619 seconds
  Import took 0.074588 seconds .

========================================================================
Received Import Request.
  Time since last request: 0.002221 seconds.
  path: Assets/Assets/UI/dermis1-removebg-preview.png
  artifactKey: Guid(aa5d089ccb3b7f64cb54afe9bd2f0a1b) Importer(815301076,1909f56bfc062723c751e8b465ee728b)
Start importing Assets/Assets/UI/dermis1-removebg-preview.png using Guid(aa5d089ccb3b7f64cb54afe9bd2f0a1b) Importer(815301076,1909f56bfc062723c751e8b465ee728b)  -> (artifact id: '3f08dad670317cd265811e88cb11b191') in 0.029257 seconds
  Import took 0.039481 seconds .

========================================================================
Received Import Request.
  Time since last request: 8.199561 seconds.
  path: Assets/Assets/UI/dermis1-removebg-preview.png
  artifactKey: Guid(aa5d089ccb3b7f64cb54afe9bd2f0a1b) Importer(815301076,1909f56bfc062723c751e8b465ee728b)
Start importing Assets/Assets/UI/dermis1-removebg-preview.png using Guid(aa5d089ccb3b7f64cb54afe9bd2f0a1b) Importer(815301076,1909f56bfc062723c751e8b465ee728b)  -> (artifact id: '2bc47e0d74c485b71dfb2aab5acb5d1f') in 0.062617 seconds
  Import took 0.070141 seconds .

========================================================================
Received Import Request.
  Time since last request: 89.263041 seconds.
  path: Assets/Scenes/Planets/Jupiter.unity
  artifactKey: Guid(77baeefb32c13f04c8453a2695d7ff11) Importer(815301076,1909f56bfc062723c751e8b465ee728b)
Start importing Assets/Scenes/Planets/Jupiter.unity using Guid(77baeefb32c13f04c8453a2695d7ff11) Importer(815301076,1909f56bfc062723c751e8b465ee728b)  -> (artifact id: 'f097f59e4f6356b4692a8b1a80606cf4') in 0.013512 seconds
  Import took 0.016624 seconds .

========================================================================
Received Import Request.
  Time since last request: 2.868792 seconds.
  path: Assets/Scenes/Planets/Mars.unity
  artifactKey: Guid(df392a8af8a5ce747bb170de977ecab7) Importer(815301076,1909f56bfc062723c751e8b465ee728b)
Start importing Assets/Scenes/Planets/Mars.unity using Guid(df392a8af8a5ce747bb170de977ecab7) Importer(815301076,1909f56bfc062723c751e8b465ee728b)  -> (artifact id: 'd513eca997a82beee02974650f598dc7') in 0.002452 seconds
  Import took 0.030405 seconds .

========================================================================
Received Import Request.
  Time since last request: 4.723688 seconds.
  path: Assets/Scenes/Planets/Neptune.unity
  artifactKey: Guid(d192edd3ca59df642829dd16bc77e883) Importer(815301076,1909f56bfc062723c751e8b465ee728b)
Start importing Assets/Scenes/Planets/Neptune.unity using Guid(d192edd3ca59df642829dd16bc77e883) Importer(815301076,1909f56bfc062723c751e8b465ee728b)  -> (artifact id: '87c392c749017bb7896192dbc6771279') in 0.009820 seconds
  Import took 0.014008 seconds .

========================================================================
Received Import Request.
  Time since last request: 0.018069 seconds.
  path: Assets/Scenes/Planets/Neptune.unity
  artifactKey: Guid(d192edd3ca59df642829dd16bc77e883) Importer(815301076,1909f56bfc062723c751e8b465ee728b)
Start importing Assets/Scenes/Planets/Neptune.unity using Guid(d192edd3ca59df642829dd16bc77e883) Importer(815301076,1909f56bfc062723c751e8b465ee728b)  -> (artifact id: '87c392c749017bb7896192dbc6771279') in 0.004969 seconds
  Import took 0.009057 seconds .

========================================================================
Received Import Request.
  Time since last request: 3.257002 seconds.
  path: Assets/Scenes/Planets/Uranus.unity
  artifactKey: Guid(d7b1d699dda70f64d869662ab00700a0) Importer(815301076,1909f56bfc062723c751e8b465ee728b)
Start importing Assets/Scenes/Planets/Uranus.unity using Guid(d7b1d699dda70f64d869662ab00700a0) Importer(815301076,1909f56bfc062723c751e8b465ee728b)  -> (artifact id: 'bdf925126a137f9d004ebb034f26f9a3') in 0.020757 seconds
  Import took 0.025250 seconds .

========================================================================
Received Import Request.
  Time since last request: 1.716644 seconds.
  path: Assets/Scenes/Planets/Venus.unity
  artifactKey: Guid(509e5478e9ac14842adefed712608d0a) Importer(815301076,1909f56bfc062723c751e8b465ee728b)
Start importing Assets/Scenes/Planets/Venus.unity using Guid(509e5478e9ac14842adefed712608d0a) Importer(815301076,1909f56bfc062723c751e8b465ee728b)  -> (artifact id: '787d4336d21378cc129a107af50dbf05') in 0.009394 seconds
  Import took 0.014832 seconds .

========================================================================
Received Import Request.
  Time since last request: 0.000705 seconds.
  path: Assets/Scenes/Planets/Venus.unity
  artifactKey: Guid(509e5478e9ac14842adefed712608d0a) Importer(815301076,1909f56bfc062723c751e8b465ee728b)
Start importing Assets/Scenes/Planets/Venus.unity using Guid(509e5478e9ac14842adefed712608d0a) Importer(815301076,1909f56bfc062723c751e8b465ee728b)  -> (artifact id: '787d4336d21378cc129a107af50dbf05') in 0.007543 seconds
  Import took 0.013185 seconds .

========================================================================
Received Prepare
Refreshing native plugins compatible for Editor in 5.47 ms, found 2 plugins.
Preloading 0 native plugins for Editor in 0.00 ms.
Unloading 13 Unused Serialized files (Serialized files now loaded: 0)
System memory in use before: 47.4 MB.
System memory in use after: 47.5 MB.

Unloading 13 unused Assets to reduce memory usage. Loaded Objects now: 2246.
Total: 44.637200 ms (FindLiveObjects: 0.351400 ms CreateObjectMapping: 0.113300 ms MarkObjects: 44.125600 ms  DeleteObjects: 0.044500 ms)

========================================================================
Received Prepare
Registering precompiled user dll's ...
Registered in 0.004522 seconds.
Begin MonoManager ReloadAssembly
Native extension for WindowsStandalone target not found
Refreshing native plugins compatible for Editor in 0.40 ms, found 2 plugins.
Preloading 0 native plugins for Editor in 0.00 ms.
Mono: successfully reloaded assembly
- Completed reload, in  1.139 seconds
Platform modules already initialized, skipping
Switching build target platform(5) subTarget(0) extendedPlatform(0) -> platform(13) subTarget(524288) extendedPlatform(0)
Refreshing native plugins compatible for Editor in 0.40 ms, found 2 plugins.
Preloading 0 native plugins for Editor in 0.00 ms.
Unloading 1755 Unused Serialized files (Serialized files now loaded: 0)
System memory in use before: 81.6 MB.
System memory in use after: 81.7 MB.

Unloading 17 unused Assets to reduce memory usage. Loaded Objects now: 2248.
Total: 3.176800 ms (FindLiveObjects: 0.395700 ms CreateObjectMapping: 0.206200 ms MarkObjects: 2.512800 ms  DeleteObjects: 0.060000 ms)

AssetImportParameters requested are different than current active one (requested -> active):
  custom:graphics/normal-map-encoding: 01000000000000000000000000000000 -> 02000000000000000000000000000000
========================================================================
Received Import Request.
  Time since last request: 701.102673 seconds.
  path: Assets/Scenes/Planets/Mars.unity
  artifactKey: Guid(df392a8af8a5ce747bb170de977ecab7) Importer(815301076,1909f56bfc062723c751e8b465ee728b)
Start importing Assets/Scenes/Planets/Mars.unity using Guid(df392a8af8a5ce747bb170de977ecab7) Importer(815301076,1909f56bfc062723c751e8b465ee728b)  -> (artifact id: 'd3482594966b39f8f7c220350d911db9') in 0.028926 seconds
  Import took 0.034803 seconds .

========================================================================
Received Prepare
Registering precompiled user dll's ...
Registered in 0.003408 seconds.
Begin MonoManager ReloadAssembly
Native extension for WindowsStandalone target not found
Refreshing native plugins compatible for Editor in 0.46 ms, found 2 plugins.
Preloading 0 native plugins for Editor in 0.00 ms.
Mono: successfully reloaded assembly
- Completed reload, in  1.075 seconds
Platform modules already initialized, skipping
Switching build target platform(5) subTarget(0) extendedPlatform(0) -> platform(13) subTarget(524288) extendedPlatform(0)
Refreshing native plugins compatible for Editor in 0.43 ms, found 2 plugins.
Preloading 0 native plugins for Editor in 0.00 ms.
Unloading 1756 Unused Serialized files (Serialized files now loaded: 0)
System memory in use before: 81.8 MB.
System memory in use after: 81.9 MB.

Unloading 17 unused Assets to reduce memory usage. Loaded Objects now: 2251.
Total: 2.294200 ms (FindLiveObjects: 0.193500 ms CreateObjectMapping: 0.159700 ms MarkObjects: 1.901100 ms  DeleteObjects: 0.038400 ms)

AssetImportParameters requested are different than current active one (requested -> active):
  custom:graphics/normal-map-encoding: 01000000000000000000000000000000 -> 02000000000000000000000000000000
========================================================================
Received Import Request.
  Time since last request: 171.915853 seconds.
  path: Assets/Scenes/Planets/Jupiter.unity
  artifactKey: Guid(77baeefb32c13f04c8453a2695d7ff11) Importer(815301076,1909f56bfc062723c751e8b465ee728b)
Start importing Assets/Scenes/Planets/Jupiter.unity using Guid(77baeefb32c13f04c8453a2695d7ff11) Importer(815301076,1909f56bfc062723c751e8b465ee728b)  -> (artifact id: 'ec9e029d7e41163b4f915b3f6f9fdb4b') in 0.032010 seconds
  Import took 0.038381 seconds .

========================================================================
Received Import Request.
  Time since last request: 7.844011 seconds.
  path: Assets/Scenes/Planets/Venus.unity
  artifactKey: Guid(509e5478e9ac14842adefed712608d0a) Importer(815301076,1909f56bfc062723c751e8b465ee728b)
Start importing Assets/Scenes/Planets/Venus.unity using Guid(509e5478e9ac14842adefed712608d0a) Importer(815301076,1909f56bfc062723c751e8b465ee728b)  -> (artifact id: '278bd635067506d8d4c9a1b85c21a70b') in 0.002576 seconds
  Import took 0.015589 seconds .

========================================================================
Received Prepare
Registering precompiled user dll's ...
Registered in 0.014761 seconds.
Begin MonoManager ReloadAssembly
Native extension for WindowsStandalone target not found
Refreshing native plugins compatible for Editor in 0.45 ms, found 2 plugins.
Preloading 0 native plugins for Editor in 0.00 ms.
Mono: successfully reloaded assembly
- Completed reload, in  1.149 seconds
Platform modules already initialized, skipping
Switching build target platform(5) subTarget(0) extendedPlatform(0) -> platform(13) subTarget(524288) extendedPlatform(0)
Refreshing native plugins compatible for Editor in 0.52 ms, found 2 plugins.
Preloading 0 native plugins for Editor in 0.00 ms.
Unloading 1756 Unused Serialized files (Serialized files now loaded: 0)
System memory in use before: 81.8 MB.
System memory in use after: 81.9 MB.

Unloading 17 unused Assets to reduce memory usage. Loaded Objects now: 2254.
Total: 2.382200 ms (FindLiveObjects: 0.394000 ms CreateObjectMapping: 0.099100 ms MarkObjects: 1.852100 ms  DeleteObjects: 0.032500 ms)

AssetImportParameters requested are different than current active one (requested -> active):
  custom:graphics/normal-map-encoding: 01000000000000000000000000000000 -> 02000000000000000000000000000000
AssetImportWorkerClient::OnTransportError - code=2 error=End of file
