Using pre-set license
Built from '2020.3/release' branch; Version is '2020.3.7f1 (dd97f2c94397) revision 14522354'; Using compiler version '192528614'; Build Type 'Release'
OS: 'Windows 10 Home Single Language; OS build 22631.3527; Version 2009; 64bit' Language: 'en' Physical Memory: 8023 MB
BatchMode: 1, IsHumanControllingUs: 0, StartBugReporterOnCrash: 0, Is64bit: 1, IsPro: 0

 COMMAND LINE ARGUMENTS:
C:\Program Files\Unity\Hub\Editor\2020.3.7f1\Editor\Unity.exe
-adb2
-batchMode
-noUpm
-name
AssetImportWorker0
-projectPath
C:/Users/risha/Videos/Virtual-X
-logFile
Logs/AssetImportWorker0.log
-srvPort
56749
Successfully changed project path to: C:/Users/risha/Videos/Virtual-X
C:/Users/risha/Videos/Virtual-X
Using Asset Import Pipeline V2.
Refreshing native plugins compatible for Editor in 36.53 ms, found 2 plugins.
Preloading 0 native plugins for Editor in 0.00 ms.
Initialize engine version: 2020.3.7f1 (dd97f2c94397)
[Subsystems] Discovering subsystems at path C:/Program Files/Unity/Hub/Editor/2020.3.7f1/Editor/Data/Resources/UnitySubsystems
[Subsystems] Discovering subsystems at path C:/Users/risha/Videos/Virtual-X/Assets
GfxDevice: creating device client; threaded=0
Direct3D:
    Version:  Direct3D 11.0 [level 11.1]
    Renderer: NVIDIA GeForce GTX 1650 (ID=0x1f99)
    Vendor:   
    VRAM:     3962 MB
    Driver:   31.0.15.1640
Initialize mono
Mono path[0] = 'C:/Program Files/Unity/Hub/Editor/2020.3.7f1/Editor/Data/Managed'
Mono path[1] = 'C:/Program Files/Unity/Hub/Editor/2020.3.7f1/Editor/Data/MonoBleedingEdge/lib/mono/unityjit'
Mono config path = 'C:/Program Files/Unity/Hub/Editor/2020.3.7f1/Editor/Data/MonoBleedingEdge/etc'
Using monoOptions --debugger-agent=transport=dt_socket,embedding=1,server=y,suspend=n,address=127.0.0.1:56852
Begin MonoManager ReloadAssembly
Registering precompiled unity dll's ...
Register platform support module: C:/Program Files/Unity/Hub/Editor/2020.3.7f1/Editor/Data/PlaybackEngines/WindowsStandaloneSupport/UnityEditor.WindowsStandalone.Extensions.dll
Registered in 0.003633 seconds.
Native extension for WindowsStandalone target not found
Refreshing native plugins compatible for Editor in 29.79 ms, found 2 plugins.
Preloading 0 native plugins for Editor in 0.00 ms.
Mono: successfully reloaded assembly
- Completed reload, in  3.705 seconds
Platform modules already initialized, skipping
Registering precompiled user dll's ...
Registered in 0.011391 seconds.
Begin MonoManager ReloadAssembly
Native extension for WindowsStandalone target not found
Refreshing native plugins compatible for Editor in 0.41 ms, found 2 plugins.
Preloading 0 native plugins for Editor in 0.00 ms.
Mono: successfully reloaded assembly
- Completed reload, in  1.054 seconds
Platform modules already initialized, skipping
========================================================================
Worker process is ready to serve import requests
Launched and connected shader compiler UnityShaderCompiler.exe after 0.04 seconds
Refreshing native plugins compatible for Editor in 0.47 ms, found 2 plugins.
Preloading 0 native plugins for Editor in 0.00 ms.
Unloading 1779 Unused Serialized files (Serialized files now loaded: 0)
System memory in use before: 80.5 MB.
System memory in use after: 80.5 MB.

Unloading 21 unused Assets to reduce memory usage. Loaded Objects now: 2215.
Total: 6.845100 ms (FindLiveObjects: 0.343400 ms CreateObjectMapping: 0.139800 ms MarkObjects: 6.190700 ms  DeleteObjects: 0.169100 ms)

========================================================================
Received Import Request.
  path: Assets/Scenes/MenuScreens/PlanetsMenu.unity
  artifactKey: Guid(5715965d552782349b28ab77b49c0643) Importer(815301076,1909f56bfc062723c751e8b465ee728b)
Start importing Assets/Scenes/MenuScreens/PlanetsMenu.unity using Guid(5715965d552782349b28ab77b49c0643) Importer(815301076,1909f56bfc062723c751e8b465ee728b)  -> (artifact id: '0d3a86336653460cf062259dbc3bf917') in 0.035085 seconds
  Import took 0.042247 seconds .

========================================================================
Received Import Request.
  Time since last request: 124.995474 seconds.
  path: Assets/Scenes/MenuScreens/PlanetsMenu 1.unity
  artifactKey: Guid(c7c00d556c48e8440ad234a46f2909a8) Importer(815301076,1909f56bfc062723c751e8b465ee728b)
Start importing Assets/Scenes/MenuScreens/PlanetsMenu 1.unity using Guid(c7c00d556c48e8440ad234a46f2909a8) Importer(815301076,1909f56bfc062723c751e8b465ee728b)  -> (artifact id: '9132a0d4a6b17d91e5ffe2fabb472d10') in 0.012448 seconds
  Import took 0.017103 seconds .

========================================================================
Received Import Request.
  Time since last request: 25.485107 seconds.
  path: Assets/Scenes/MenuScreens/Batch.unity
  artifactKey: Guid(c7c00d556c48e8440ad234a46f2909a8) Importer(815301076,1909f56bfc062723c751e8b465ee728b)
Start importing Assets/Scenes/MenuScreens/Batch.unity using Guid(c7c00d556c48e8440ad234a46f2909a8) Importer(815301076,1909f56bfc062723c751e8b465ee728b)  -> (artifact id: '95cc17e18503958815bf2d17b48fb530') in 0.039723 seconds
  Import took 0.047103 seconds .

========================================================================
Received Import Request.
  Time since last request: 909.215569 seconds.
  path: Assets/Assets/UI/plll-removebg-preview.png
  artifactKey: Guid(0278604f5dbb9144bbf343a6e6a9806f) Importer(815301076,1909f56bfc062723c751e8b465ee728b)
Start importing Assets/Assets/UI/plll-removebg-preview.png using Guid(0278604f5dbb9144bbf343a6e6a9806f) Importer(815301076,1909f56bfc062723c751e8b465ee728b)  -> (artifact id: '617680723178e9513077f48624b0a044') in 0.095601 seconds
  Import took 0.104604 seconds .

========================================================================
Received Import Request.
  Time since last request: 12.438630 seconds.
  path: Assets/Assets/UI/plll-removebg-preview.png
  artifactKey: Guid(0278604f5dbb9144bbf343a6e6a9806f) Importer(815301076,1909f56bfc062723c751e8b465ee728b)
Start importing Assets/Assets/UI/plll-removebg-preview.png using Guid(0278604f5dbb9144bbf343a6e6a9806f) Importer(815301076,1909f56bfc062723c751e8b465ee728b)  -> (artifact id: '43d5d6f6b6a31345ee6619b4e967a91a') in 0.081920 seconds
  Import took 0.085481 seconds .

========================================================================
Received Import Request.
  Time since last request: 430.408673 seconds.
  path: Assets/Assets/UI/MEC-removebg-preview.png
  artifactKey: Guid(4585453672d339b4682af608a459b6eb) Importer(815301076,1909f56bfc062723c751e8b465ee728b)
Start importing Assets/Assets/UI/MEC-removebg-preview.png using Guid(4585453672d339b4682af608a459b6eb) Importer(815301076,1909f56bfc062723c751e8b465ee728b)  -> (artifact id: '80e2d4989f021ce033df3ef0d88391a7') in 0.033245 seconds
  Import took 0.040496 seconds .

========================================================================
Received Import Request.
  Time since last request: 0.002669 seconds.
  path: Assets/Assets/UI/MEC-removebg-preview.png
  artifactKey: Guid(4585453672d339b4682af608a459b6eb) Importer(815301076,1909f56bfc062723c751e8b465ee728b)
Start importing Assets/Assets/UI/MEC-removebg-preview.png using Guid(4585453672d339b4682af608a459b6eb) Importer(815301076,1909f56bfc062723c751e8b465ee728b)  -> (artifact id: '80e2d4989f021ce033df3ef0d88391a7') in 0.027480 seconds
  Import took 0.033461 seconds .

========================================================================
Received Import Request.
  Time since last request: 11.609318 seconds.
  path: Assets/Assets/UI/MEC-removebg-preview.png
  artifactKey: Guid(4585453672d339b4682af608a459b6eb) Importer(815301076,1909f56bfc062723c751e8b465ee728b)
Start importing Assets/Assets/UI/MEC-removebg-preview.png using Guid(4585453672d339b4682af608a459b6eb) Importer(815301076,1909f56bfc062723c751e8b465ee728b)  -> (artifact id: '69eb986b93b834ceadb000f77227f623') in 0.040427 seconds
  Import took 0.044930 seconds .

========================================================================
Received Import Request.
  Time since last request: 581.998007 seconds.
  path: Assets/Assets/UI/HUM-removebg-preview.png
  artifactKey: Guid(d728870d1bbdacc45afa4cb20ccabfb2) Importer(815301076,1909f56bfc062723c751e8b465ee728b)
Start importing Assets/Assets/UI/HUM-removebg-preview.png using Guid(d728870d1bbdacc45afa4cb20ccabfb2) Importer(815301076,1909f56bfc062723c751e8b465ee728b)  -> (artifact id: '21c3e040804cb3093b7f23387188a9bc') in 0.024318 seconds
  Import took 0.033980 seconds .

========================================================================
Received Import Request.
  Time since last request: 8.303115 seconds.
  path: Assets/Assets/UI/HUM-removebg-preview.png
  artifactKey: Guid(d728870d1bbdacc45afa4cb20ccabfb2) Importer(815301076,1909f56bfc062723c751e8b465ee728b)
Start importing Assets/Assets/UI/HUM-removebg-preview.png using Guid(d728870d1bbdacc45afa4cb20ccabfb2) Importer(815301076,1909f56bfc062723c751e8b465ee728b)  -> (artifact id: 'af253c86256742c926be4f0ba432be72') in 0.035498 seconds
  Import took 0.040067 seconds .

========================================================================
Received Import Request.
  Time since last request: 350.195395 seconds.
  path: Assets/Assets/UI/PLANT-removebg-preview.png
  artifactKey: Guid(63dc00cc9c2141d47806f791eb5079f4) Importer(815301076,1909f56bfc062723c751e8b465ee728b)
Start importing Assets/Assets/UI/PLANT-removebg-preview.png using Guid(63dc00cc9c2141d47806f791eb5079f4) Importer(815301076,1909f56bfc062723c751e8b465ee728b)  -> (artifact id: '8824f31b28113a549fe01eda93ec3c09') in 0.025738 seconds
  Import took 0.031986 seconds .

========================================================================
Received Import Request.
  Time since last request: 8.425220 seconds.
  path: Assets/Assets/UI/PLANT-removebg-preview.png
  artifactKey: Guid(63dc00cc9c2141d47806f791eb5079f4) Importer(815301076,1909f56bfc062723c751e8b465ee728b)
Start importing Assets/Assets/UI/PLANT-removebg-preview.png using Guid(63dc00cc9c2141d47806f791eb5079f4) Importer(815301076,1909f56bfc062723c751e8b465ee728b)  -> (artifact id: '43ee6cab6b1ffedfd7352ac82c41254d') in 0.037126 seconds
  Import took 0.051662 seconds .

========================================================================
Received Import Request.
  Time since last request: 202.631644 seconds.
  path: Assets/Scenes/MenuScreens/Batch.unity
  artifactKey: Guid(c7c00d556c48e8440ad234a46f2909a8) Importer(815301076,1909f56bfc062723c751e8b465ee728b)
Start importing Assets/Scenes/MenuScreens/Batch.unity using Guid(c7c00d556c48e8440ad234a46f2909a8) Importer(815301076,1909f56bfc062723c751e8b465ee728b)  -> (artifact id: '9c5e127ff08fb14892fd2798aed88570') in 0.013548 seconds
  Import took 0.017725 seconds .

========================================================================
Received Prepare
Registering precompiled user dll's ...
Registered in 0.007378 seconds.
Begin MonoManager ReloadAssembly
Native extension for WindowsStandalone target not found
Refreshing native plugins compatible for Editor in 0.45 ms, found 2 plugins.
Preloading 0 native plugins for Editor in 0.00 ms.
Mono: successfully reloaded assembly
- Completed reload, in  1.026 seconds
Platform modules already initialized, skipping
Switching build target platform(5) subTarget(0) extendedPlatform(0) -> platform(13) subTarget(524288) extendedPlatform(0)
Refreshing native plugins compatible for Editor in 0.48 ms, found 2 plugins.
Preloading 0 native plugins for Editor in 0.00 ms.
Unloading 1755 Unused Serialized files (Serialized files now loaded: 0)
System memory in use before: 81.1 MB.
System memory in use after: 81.2 MB.

Unloading 17 unused Assets to reduce memory usage. Loaded Objects now: 2230.
Total: 2.818200 ms (FindLiveObjects: 0.187200 ms CreateObjectMapping: 0.060500 ms MarkObjects: 2.538100 ms  DeleteObjects: 0.031300 ms)

AssetImportParameters requested are different than current active one (requested -> active):
  custom:graphics/normal-map-encoding: 01000000000000000000000000000000 -> 02000000000000000000000000000000
========================================================================
Received Import Request.
  Time since last request: 464.339171 seconds.
  path: Assets/Scripts/SceneController.cs
  artifactKey: Guid(3c4a8675435b75c4f89e3d4e2c7b35fe) Importer(815301076,1909f56bfc062723c751e8b465ee728b)
Start importing Assets/Scripts/SceneController.cs using Guid(3c4a8675435b75c4f89e3d4e2c7b35fe) Importer(815301076,1909f56bfc062723c751e8b465ee728b)  -> (artifact id: 'f1e6441f5057955bb68245aa1bf96516') in 0.024010 seconds
  Import took 0.027283 seconds .

========================================================================
Received Prepare
Registering precompiled user dll's ...
Registered in 0.003309 seconds.
Begin MonoManager ReloadAssembly
Native extension for WindowsStandalone target not found
Refreshing native plugins compatible for Editor in 0.41 ms, found 2 plugins.
Preloading 0 native plugins for Editor in 0.00 ms.
Mono: successfully reloaded assembly
- Completed reload, in  0.895 seconds
Platform modules already initialized, skipping
Switching build target platform(5) subTarget(0) extendedPlatform(0) -> platform(13) subTarget(524288) extendedPlatform(0)
Refreshing native plugins compatible for Editor in 0.40 ms, found 2 plugins.
Preloading 0 native plugins for Editor in 0.00 ms.
Unloading 1756 Unused Serialized files (Serialized files now loaded: 0)
System memory in use before: 81.4 MB.
System memory in use after: 81.5 MB.

Unloading 17 unused Assets to reduce memory usage. Loaded Objects now: 2233.
Total: 2.404200 ms (FindLiveObjects: 0.260100 ms CreateObjectMapping: 0.065900 ms MarkObjects: 2.042200 ms  DeleteObjects: 0.034300 ms)

AssetImportParameters requested are different than current active one (requested -> active):
  custom:graphics/normal-map-encoding: 01000000000000000000000000000000 -> 02000000000000000000000000000000
========================================================================
Received Import Request.
  Time since last request: 64.686009 seconds.
  path: Assets/Scenes/MenuScreens/HomeScreen.unity
  artifactKey: Guid(9fc0d4010bbf28b4594072e72b8655ab) Importer(815301076,1909f56bfc062723c751e8b465ee728b)
Start importing Assets/Scenes/MenuScreens/HomeScreen.unity using Guid(9fc0d4010bbf28b4594072e72b8655ab) Importer(815301076,1909f56bfc062723c751e8b465ee728b)  -> (artifact id: '4990d0e9f9c4ff25ef5c70f787388a17') in 0.031695 seconds
  Import took 0.035401 seconds .

========================================================================
Received Prepare
Registering precompiled user dll's ...
Registered in 0.004132 seconds.
Begin MonoManager ReloadAssembly
Native extension for WindowsStandalone target not found
Refreshing native plugins compatible for Editor in 0.56 ms, found 2 plugins.
Preloading 0 native plugins for Editor in 0.00 ms.
Mono: successfully reloaded assembly
- Completed reload, in  0.909 seconds
Platform modules already initialized, skipping
Switching build target platform(5) subTarget(0) extendedPlatform(0) -> platform(13) subTarget(524288) extendedPlatform(0)
Refreshing native plugins compatible for Editor in 0.50 ms, found 2 plugins.
Preloading 0 native plugins for Editor in 0.00 ms.
Unloading 1756 Unused Serialized files (Serialized files now loaded: 0)
System memory in use before: 81.4 MB.
System memory in use after: 81.5 MB.

Unloading 17 unused Assets to reduce memory usage. Loaded Objects now: 2236.
Total: 2.612900 ms (FindLiveObjects: 0.332600 ms CreateObjectMapping: 0.155900 ms MarkObjects: 2.084900 ms  DeleteObjects: 0.038200 ms)

AssetImportParameters requested are different than current active one (requested -> active):
  custom:graphics/normal-map-encoding: 01000000000000000000000000000000 -> 02000000000000000000000000000000
========================================================================
Received Prepare
Registering precompiled user dll's ...
Registered in 0.004545 seconds.
Begin MonoManager ReloadAssembly
Native extension for WindowsStandalone target not found
Refreshing native plugins compatible for Editor in 0.40 ms, found 2 plugins.
Preloading 0 native plugins for Editor in 0.00 ms.
Mono: successfully reloaded assembly
- Completed reload, in  0.855 seconds
Platform modules already initialized, skipping
Switching build target platform(5) subTarget(0) extendedPlatform(0) -> platform(13) subTarget(524288) extendedPlatform(0)
Refreshing native plugins compatible for Editor in 0.41 ms, found 2 plugins.
Preloading 0 native plugins for Editor in 0.00 ms.
Unloading 1756 Unused Serialized files (Serialized files now loaded: 0)
System memory in use before: 81.4 MB.
System memory in use after: 81.5 MB.

Unloading 17 unused Assets to reduce memory usage. Loaded Objects now: 2239.
Total: 3.772300 ms (FindLiveObjects: 0.456300 ms CreateObjectMapping: 0.201300 ms MarkObjects: 3.079700 ms  DeleteObjects: 0.031600 ms)

AssetImportParameters requested are different than current active one (requested -> active):
  custom:graphics/normal-map-encoding: 01000000000000000000000000000000 -> 02000000000000000000000000000000
========================================================================
Received Prepare
Registering precompiled user dll's ...
Registered in 0.003181 seconds.
Begin MonoManager ReloadAssembly
Native extension for WindowsStandalone target not found
Refreshing native plugins compatible for Editor in 0.41 ms, found 2 plugins.
Preloading 0 native plugins for Editor in 0.00 ms.
Mono: successfully reloaded assembly
- Completed reload, in  0.887 seconds
Platform modules already initialized, skipping
Switching build target platform(5) subTarget(0) extendedPlatform(0) -> platform(13) subTarget(524288) extendedPlatform(0)
Refreshing native plugins compatible for Editor in 0.40 ms, found 2 plugins.
Preloading 0 native plugins for Editor in 0.00 ms.
Unloading 1756 Unused Serialized files (Serialized files now loaded: 0)
System memory in use before: 81.4 MB.
System memory in use after: 81.5 MB.

Unloading 17 unused Assets to reduce memory usage. Loaded Objects now: 2242.
Total: 2.475800 ms (FindLiveObjects: 0.249400 ms CreateObjectMapping: 0.088200 ms MarkObjects: 2.084800 ms  DeleteObjects: 0.051800 ms)

AssetImportParameters requested are different than current active one (requested -> active):
  custom:graphics/normal-map-encoding: 01000000000000000000000000000000 -> 02000000000000000000000000000000
========================================================================
Received Prepare
Registering precompiled user dll's ...
Registered in 0.004182 seconds.
Begin MonoManager ReloadAssembly
Native extension for WindowsStandalone target not found
Refreshing native plugins compatible for Editor in 0.44 ms, found 2 plugins.
Preloading 0 native plugins for Editor in 0.00 ms.
Mono: successfully reloaded assembly
- Completed reload, in  0.952 seconds
Platform modules already initialized, skipping
Switching build target platform(5) subTarget(0) extendedPlatform(0) -> platform(13) subTarget(524288) extendedPlatform(0)
Refreshing native plugins compatible for Editor in 0.41 ms, found 2 plugins.
Preloading 0 native plugins for Editor in 0.00 ms.
Unloading 1756 Unused Serialized files (Serialized files now loaded: 0)
System memory in use before: 81.5 MB.
System memory in use after: 81.6 MB.

Unloading 17 unused Assets to reduce memory usage. Loaded Objects now: 2245.
Total: 2.437400 ms (FindLiveObjects: 0.282400 ms CreateObjectMapping: 0.119800 ms MarkObjects: 1.977000 ms  DeleteObjects: 0.057200 ms)

AssetImportParameters requested are different than current active one (requested -> active):
  custom:graphics/normal-map-encoding: 01000000000000000000000000000000 -> 02000000000000000000000000000000
========================================================================
Received Prepare
Registering precompiled user dll's ...
Registered in 0.003520 seconds.
Begin MonoManager ReloadAssembly
Native extension for WindowsStandalone target not found
Refreshing native plugins compatible for Editor in 0.53 ms, found 2 plugins.
Preloading 0 native plugins for Editor in 0.00 ms.
Mono: successfully reloaded assembly
- Completed reload, in  1.152 seconds
Platform modules already initialized, skipping
Switching build target platform(5) subTarget(0) extendedPlatform(0) -> platform(13) subTarget(524288) extendedPlatform(0)
Refreshing native plugins compatible for Editor in 0.41 ms, found 2 plugins.
Preloading 0 native plugins for Editor in 0.00 ms.
Unloading 1756 Unused Serialized files (Serialized files now loaded: 0)
System memory in use before: 81.5 MB.
System memory in use after: 81.6 MB.

Unloading 17 unused Assets to reduce memory usage. Loaded Objects now: 2248.
Total: 5.006700 ms (FindLiveObjects: 0.421300 ms CreateObjectMapping: 0.184400 ms MarkObjects: 4.336600 ms  DeleteObjects: 0.061900 ms)

AssetImportParameters requested are different than current active one (requested -> active):
  custom:graphics/normal-map-encoding: 01000000000000000000000000000000 -> 02000000000000000000000000000000
========================================================================
Received Import Request.
  Time since last request: 736.250326 seconds.
  path: Assets/Scenes/MenuScreens/MENUS.unity
  artifactKey: Guid(c7c00d556c48e8440ad234a46f2909a8) Importer(815301076,1909f56bfc062723c751e8b465ee728b)
Start importing Assets/Scenes/MenuScreens/MENUS.unity using Guid(c7c00d556c48e8440ad234a46f2909a8) Importer(815301076,1909f56bfc062723c751e8b465ee728b)  -> (artifact id: '104ee218992e2972c8592ad067345fa3') in 0.020765 seconds
  Import took 0.026778 seconds .

========================================================================
Received Import Request.
  Time since last request: 0.000751 seconds.
  path: Assets/Scenes/MenuScreens/MENUS.unity
  artifactKey: Guid(c7c00d556c48e8440ad234a46f2909a8) Importer(815301076,1909f56bfc062723c751e8b465ee728b)
Start importing Assets/Scenes/MenuScreens/MENUS.unity using Guid(c7c00d556c48e8440ad234a46f2909a8) Importer(815301076,1909f56bfc062723c751e8b465ee728b)  -> (artifact id: '104ee218992e2972c8592ad067345fa3') in 0.002620 seconds
  Import took 0.006867 seconds .

========================================================================
Received Prepare
Registering precompiled user dll's ...
Registered in 0.004224 seconds.
Begin MonoManager ReloadAssembly
Native extension for WindowsStandalone target not found
Refreshing native plugins compatible for Editor in 0.40 ms, found 2 plugins.
Preloading 0 native plugins for Editor in 0.00 ms.
Mono: successfully reloaded assembly
- Completed reload, in  0.985 seconds
Platform modules already initialized, skipping
Switching build target platform(5) subTarget(0) extendedPlatform(0) -> platform(13) subTarget(524288) extendedPlatform(0)
Refreshing native plugins compatible for Editor in 0.41 ms, found 2 plugins.
Preloading 0 native plugins for Editor in 0.00 ms.
Unloading 1756 Unused Serialized files (Serialized files now loaded: 0)
System memory in use before: 81.5 MB.
System memory in use after: 81.6 MB.

Unloading 17 unused Assets to reduce memory usage. Loaded Objects now: 2251.
Total: 2.289000 ms (FindLiveObjects: 0.251200 ms CreateObjectMapping: 0.069700 ms MarkObjects: 1.909400 ms  DeleteObjects: 0.057900 ms)

AssetImportParameters requested are different than current active one (requested -> active):
  custom:graphics/normal-map-encoding: 01000000000000000000000000000000 -> 02000000000000000000000000000000
========================================================================
Received Prepare
Registering precompiled user dll's ...
Registered in 0.003531 seconds.
Begin MonoManager ReloadAssembly
Native extension for WindowsStandalone target not found
Refreshing native plugins compatible for Editor in 0.41 ms, found 2 plugins.
Preloading 0 native plugins for Editor in 0.00 ms.
Mono: successfully reloaded assembly
- Completed reload, in  0.871 seconds
Platform modules already initialized, skipping
Switching build target platform(5) subTarget(0) extendedPlatform(0) -> platform(13) subTarget(524288) extendedPlatform(0)
Refreshing native plugins compatible for Editor in 0.41 ms, found 2 plugins.
Preloading 0 native plugins for Editor in 0.00 ms.
Unloading 1756 Unused Serialized files (Serialized files now loaded: 0)
System memory in use before: 81.5 MB.
System memory in use after: 81.6 MB.

Unloading 17 unused Assets to reduce memory usage. Loaded Objects now: 2254.
Total: 2.328400 ms (FindLiveObjects: 0.229500 ms CreateObjectMapping: 0.085500 ms MarkObjects: 1.949100 ms  DeleteObjects: 0.063100 ms)

AssetImportParameters requested are different than current active one (requested -> active):
  custom:graphics/normal-map-encoding: 01000000000000000000000000000000 -> 02000000000000000000000000000000
========================================================================
Received Import Request.
  Time since last request: 211.086338 seconds.
  path: Assets/Scenes/MenuScreens/HomeScreen.unity
  artifactKey: Guid(9fc0d4010bbf28b4594072e72b8655ab) Importer(815301076,1909f56bfc062723c751e8b465ee728b)
Start importing Assets/Scenes/MenuScreens/HomeScreen.unity using Guid(9fc0d4010bbf28b4594072e72b8655ab) Importer(815301076,1909f56bfc062723c751e8b465ee728b)  -> (artifact id: '495de8fa3547e294acca63bc9610adb7') in 0.014488 seconds
  Import took 0.017755 seconds .

========================================================================
Received Import Request.
  Time since last request: 177.533234 seconds.
  path: Assets/Scenes/MenuScreens/HomeScreen.unity
  artifactKey: Guid(9fc0d4010bbf28b4594072e72b8655ab) Importer(815301076,1909f56bfc062723c751e8b465ee728b)
Start importing Assets/Scenes/MenuScreens/HomeScreen.unity using Guid(9fc0d4010bbf28b4594072e72b8655ab) Importer(815301076,1909f56bfc062723c751e8b465ee728b)  -> (artifact id: '9304fb5f68700aa6d7a7b8d8a6b6edde') in 0.003045 seconds
  Import took 0.018363 seconds .

========================================================================
Received Import Request.
  Time since last request: 107.349377 seconds.
  path: Assets/Scenes/MenuScreens/MENUS.unity
  artifactKey: Guid(c7c00d556c48e8440ad234a46f2909a8) Importer(815301076,1909f56bfc062723c751e8b465ee728b)
Start importing Assets/Scenes/MenuScreens/MENUS.unity using Guid(c7c00d556c48e8440ad234a46f2909a8) Importer(815301076,1909f56bfc062723c751e8b465ee728b)  -> (artifact id: 'cd477174a649f15d4b61961687490995') in 0.002697 seconds
  Import took 0.016983 seconds .

========================================================================
Received Import Request.
  Time since last request: 44.717181 seconds.
  path: Assets/Scenes/MenuScreens/PlanetsMenu.unity
  artifactKey: Guid(5715965d552782349b28ab77b49c0643) Importer(815301076,1909f56bfc062723c751e8b465ee728b)
Start importing Assets/Scenes/MenuScreens/PlanetsMenu.unity using Guid(5715965d552782349b28ab77b49c0643) Importer(815301076,1909f56bfc062723c751e8b465ee728b)  -> (artifact id: 'd9e3a4b9dbdcdf67053c6dfd034fbc79') in 0.003284 seconds
  Import took 0.019276 seconds .

========================================================================
Received Prepare
Registering precompiled user dll's ...
Registered in 0.003036 seconds.
Begin MonoManager ReloadAssembly
Native extension for WindowsStandalone target not found
Refreshing native plugins compatible for Editor in 0.58 ms, found 2 plugins.
Preloading 0 native plugins for Editor in 0.00 ms.
Mono: successfully reloaded assembly
- Completed reload, in  0.882 seconds
Platform modules already initialized, skipping
Switching build target platform(5) subTarget(0) extendedPlatform(0) -> platform(13) subTarget(524288) extendedPlatform(0)
Refreshing native plugins compatible for Editor in 0.71 ms, found 2 plugins.
Preloading 0 native plugins for Editor in 0.00 ms.
Unloading 1756 Unused Serialized files (Serialized files now loaded: 0)
System memory in use before: 81.5 MB.
System memory in use after: 81.6 MB.

Unloading 17 unused Assets to reduce memory usage. Loaded Objects now: 2257.
Total: 2.743200 ms (FindLiveObjects: 0.271800 ms CreateObjectMapping: 0.101000 ms MarkObjects: 2.332200 ms  DeleteObjects: 0.036800 ms)

AssetImportParameters requested are different than current active one (requested -> active):
  custom:graphics/normal-map-encoding: 01000000000000000000000000000000 -> 02000000000000000000000000000000
========================================================================
Received Import Request.
  Time since last request: 148.497583 seconds.
  path: Assets/Scenes/MenuScreens/MENUS.unity
  artifactKey: Guid(c7c00d556c48e8440ad234a46f2909a8) Importer(815301076,1909f56bfc062723c751e8b465ee728b)
Start importing Assets/Scenes/MenuScreens/MENUS.unity using Guid(c7c00d556c48e8440ad234a46f2909a8) Importer(815301076,1909f56bfc062723c751e8b465ee728b)  -> (artifact id: 'a9930dd062339f539ef0a875ea553688') in 0.013662 seconds
  Import took 0.028653 seconds .

========================================================================
Received Import Request.
  Time since last request: 12.277319 seconds.
  path: Assets/Scenes/MenuScreens/PlanetsMenu.unity
  artifactKey: Guid(5715965d552782349b28ab77b49c0643) Importer(815301076,1909f56bfc062723c751e8b465ee728b)
Start importing Assets/Scenes/MenuScreens/PlanetsMenu.unity using Guid(5715965d552782349b28ab77b49c0643) Importer(815301076,1909f56bfc062723c751e8b465ee728b)  -> (artifact id: '9de4076be9206f2fbf4d04f3ba60c808') in 0.002942 seconds
  Import took 0.017695 seconds .

========================================================================
Received Import Request.
  Time since last request: 24.305083 seconds.
  path: Assets/Scenes/MenuScreens/PlanetsMenu.unity
  artifactKey: Guid(5715965d552782349b28ab77b49c0643) Importer(815301076,1909f56bfc062723c751e8b465ee728b)
Start importing Assets/Scenes/MenuScreens/PlanetsMenu.unity using Guid(5715965d552782349b28ab77b49c0643) Importer(815301076,1909f56bfc062723c751e8b465ee728b)  -> (artifact id: '8a0236ee52a589113d3e672bdf036daf') in 0.002610 seconds
  Import took 0.005712 seconds .

========================================================================
Received Import Request.
  Time since last request: 38.461809 seconds.
  path: Assets/Scenes/MenuScreens/PlanetsMenu.unity
  artifactKey: Guid(5715965d552782349b28ab77b49c0643) Importer(815301076,1909f56bfc062723c751e8b465ee728b)
Start importing Assets/Scenes/MenuScreens/PlanetsMenu.unity using Guid(5715965d552782349b28ab77b49c0643) Importer(815301076,1909f56bfc062723c751e8b465ee728b)  -> (artifact id: '1e45f42f071893e0ea5607d6ea6498d9') in 0.003036 seconds
  Import took 0.018330 seconds .

========================================================================
Received Import Request.
  Time since last request: 0.000642 seconds.
  path: Assets/Scenes/MenuScreens/PlanetsMenu.unity
  artifactKey: Guid(5715965d552782349b28ab77b49c0643) Importer(815301076,1909f56bfc062723c751e8b465ee728b)
Start importing Assets/Scenes/MenuScreens/PlanetsMenu.unity using Guid(5715965d552782349b28ab77b49c0643) Importer(815301076,1909f56bfc062723c751e8b465ee728b)  -> (artifact id: '1e45f42f071893e0ea5607d6ea6498d9') in 0.003345 seconds
  Import took 0.007079 seconds .

========================================================================
Received Import Request.
  Time since last request: 1.926811 seconds.
  path: Assets/Scenes/MenuScreens/MENUS.unity
  artifactKey: Guid(c7c00d556c48e8440ad234a46f2909a8) Importer(815301076,1909f56bfc062723c751e8b465ee728b)
Start importing Assets/Scenes/MenuScreens/MENUS.unity using Guid(c7c00d556c48e8440ad234a46f2909a8) Importer(815301076,1909f56bfc062723c751e8b465ee728b)  -> (artifact id: '288df6ffad08a6156ce18dfff9b3ca53') in 0.003151 seconds
  Import took 0.017807 seconds .

========================================================================
Received Import Request.
  Time since last request: 0.000582 seconds.
  path: Assets/Scenes/MenuScreens/MENUS.unity
  artifactKey: Guid(c7c00d556c48e8440ad234a46f2909a8) Importer(815301076,1909f56bfc062723c751e8b465ee728b)
Start importing Assets/Scenes/MenuScreens/MENUS.unity using Guid(c7c00d556c48e8440ad234a46f2909a8) Importer(815301076,1909f56bfc062723c751e8b465ee728b)  -> (artifact id: '288df6ffad08a6156ce18dfff9b3ca53') in 0.003461 seconds
  Import took 0.008130 seconds .

========================================================================
Received Prepare
Registering precompiled user dll's ...
Registered in 0.004044 seconds.
Begin MonoManager ReloadAssembly
Native extension for WindowsStandalone target not found
Refreshing native plugins compatible for Editor in 0.79 ms, found 2 plugins.
Preloading 0 native plugins for Editor in 0.00 ms.
Mono: successfully reloaded assembly
- Completed reload, in  1.455 seconds
Platform modules already initialized, skipping
Switching build target platform(5) subTarget(0) extendedPlatform(0) -> platform(13) subTarget(524288) extendedPlatform(0)
Refreshing native plugins compatible for Editor in 0.45 ms, found 2 plugins.
Preloading 0 native plugins for Editor in 0.00 ms.
Unloading 1756 Unused Serialized files (Serialized files now loaded: 0)
System memory in use before: 81.6 MB.
System memory in use after: 81.7 MB.

Unloading 17 unused Assets to reduce memory usage. Loaded Objects now: 2260.
Total: 2.251300 ms (FindLiveObjects: 0.235600 ms CreateObjectMapping: 0.067200 ms MarkObjects: 1.907500 ms  DeleteObjects: 0.039600 ms)

AssetImportParameters requested are different than current active one (requested -> active):
  custom:graphics/normal-map-encoding: 01000000000000000000000000000000 -> 02000000000000000000000000000000
========================================================================
Received Import Request.
  Time since last request: 449.511885 seconds.
  path: Assets/Assets/3DModels/MenuScreens - Copy/MENUS.unity
  artifactKey: Guid(fa09abbddaec5c74dab42546bfb67b0f) Importer(815301076,1909f56bfc062723c751e8b465ee728b)
Start importing Assets/Assets/3DModels/MenuScreens - Copy/MENUS.unity using Guid(fa09abbddaec5c74dab42546bfb67b0f) Importer(815301076,1909f56bfc062723c751e8b465ee728b)  -> (artifact id: '1d9e7b19ade7d4c5b4df245461687dda') in 0.015278 seconds
  Import took 0.030750 seconds .

========================================================================
Received Import Request.
  Time since last request: 10.938413 seconds.
  path: Assets/Assets/3DModels/MenuScreens - Copy/PLANETS.unity
  artifactKey: Guid(fa09abbddaec5c74dab42546bfb67b0f) Importer(815301076,1909f56bfc062723c751e8b465ee728b)
Start importing Assets/Assets/3DModels/MenuScreens - Copy/PLANETS.unity using Guid(fa09abbddaec5c74dab42546bfb67b0f) Importer(815301076,1909f56bfc062723c751e8b465ee728b)  -> (artifact id: 'fa6110928d4c20d37f91ee9cd96c5965') in 0.009409 seconds
  Import took 0.013681 seconds .

========================================================================
Received Import Request.
  Time since last request: 1463.538235 seconds.
  path: Assets/Assets/UI/PLANE-removebg-preview.png
  artifactKey: Guid(de05b8d5c83d048449394dac45909b7d) Importer(815301076,1909f56bfc062723c751e8b465ee728b)
Start importing Assets/Assets/UI/PLANE-removebg-preview.png using Guid(de05b8d5c83d048449394dac45909b7d) Importer(815301076,1909f56bfc062723c751e8b465ee728b)  -> (artifact id: '32275cec9190e40ab2333ffb403f150c') in 0.067463 seconds
  Import took 0.076945 seconds .

========================================================================
Received Import Request.
  Time since last request: 0.004951 seconds.
  path: Assets/Assets/UI/PLANE-removebg-preview.png
  artifactKey: Guid(de05b8d5c83d048449394dac45909b7d) Importer(815301076,1909f56bfc062723c751e8b465ee728b)
Start importing Assets/Assets/UI/PLANE-removebg-preview.png using Guid(de05b8d5c83d048449394dac45909b7d) Importer(815301076,1909f56bfc062723c751e8b465ee728b)  -> (artifact id: '32275cec9190e40ab2333ffb403f150c') in 0.041155 seconds
  Import took 0.045762 seconds .

========================================================================
Received Import Request.
  Time since last request: 8.572007 seconds.
  path: Assets/Assets/UI/PLANE-removebg-preview.png
  artifactKey: Guid(de05b8d5c83d048449394dac45909b7d) Importer(815301076,1909f56bfc062723c751e8b465ee728b)
Start importing Assets/Assets/UI/PLANE-removebg-preview.png using Guid(de05b8d5c83d048449394dac45909b7d) Importer(815301076,1909f56bfc062723c751e8b465ee728b)  -> (artifact id: '15b348392dcbbd02903e682a6a676061') in 0.050760 seconds
  Import took 0.054846 seconds .

========================================================================
Received Import Request.
  Time since last request: 255.633973 seconds.
  path: Assets/Scenes/MenuScreens/PLANETS.unity
  artifactKey: Guid(fa09abbddaec5c74dab42546bfb67b0f) Importer(815301076,1909f56bfc062723c751e8b465ee728b)
Start importing Assets/Scenes/MenuScreens/PLANETS.unity using Guid(fa09abbddaec5c74dab42546bfb67b0f) Importer(815301076,1909f56bfc062723c751e8b465ee728b)  -> (artifact id: '999122cbcc66cb1b0301345f62ad58a7') in 0.002947 seconds
  Import took 0.021631 seconds .

========================================================================
Received Import Request.
  Time since last request: 8.369634 seconds.
  path: Assets/Scripts/SceneController.cs
  artifactKey: Guid(3c4a8675435b75c4f89e3d4e2c7b35fe) Importer(815301076,1909f56bfc062723c751e8b465ee728b)
Start importing Assets/Scripts/SceneController.cs using Guid(3c4a8675435b75c4f89e3d4e2c7b35fe) Importer(815301076,1909f56bfc062723c751e8b465ee728b)  -> (artifact id: '4201dadd7f681f41f247cec2893799d0') in 0.002020 seconds
  Import took 0.006097 seconds .

========================================================================
Received Import Request.
  Time since last request: 0.002037 seconds.
  path: Assets/Scripts/SceneController.cs
  artifactKey: Guid(3c4a8675435b75c4f89e3d4e2c7b35fe) Importer(815301076,1909f56bfc062723c751e8b465ee728b)
Start importing Assets/Scripts/SceneController.cs using Guid(3c4a8675435b75c4f89e3d4e2c7b35fe) Importer(815301076,1909f56bfc062723c751e8b465ee728b)  -> (artifact id: '4201dadd7f681f41f247cec2893799d0') in 0.002287 seconds
  Import took 0.005291 seconds .

========================================================================
Received Prepare
Registering precompiled user dll's ...
Registered in 0.013780 seconds.
Begin MonoManager ReloadAssembly
Native extension for WindowsStandalone target not found
Refreshing native plugins compatible for Editor in 0.50 ms, found 2 plugins.
Preloading 0 native plugins for Editor in 0.00 ms.
Mono: successfully reloaded assembly
- Completed reload, in  1.704 seconds
Platform modules already initialized, skipping
Switching build target platform(5) subTarget(0) extendedPlatform(0) -> platform(13) subTarget(524288) extendedPlatform(0)
Refreshing native plugins compatible for Editor in 0.42 ms, found 2 plugins.
Preloading 0 native plugins for Editor in 0.00 ms.
Unloading 1756 Unused Serialized files (Serialized files now loaded: 0)
System memory in use before: 81.6 MB.
System memory in use after: 81.7 MB.

Unloading 17 unused Assets to reduce memory usage. Loaded Objects now: 2267.
Total: 7.485100 ms (FindLiveObjects: 1.003000 ms CreateObjectMapping: 0.285700 ms MarkObjects: 5.990700 ms  DeleteObjects: 0.199400 ms)

AssetImportParameters requested are different than current active one (requested -> active):
  custom:graphics/normal-map-encoding: 01000000000000000000000000000000 -> 02000000000000000000000000000000
========================================================================
Received Import Request.
  Time since last request: 101.942167 seconds.
  path: Assets/Scripts/SceneController.cs
  artifactKey: Guid(3c4a8675435b75c4f89e3d4e2c7b35fe) Importer(815301076,1909f56bfc062723c751e8b465ee728b)
Start importing Assets/Scripts/SceneController.cs using Guid(3c4a8675435b75c4f89e3d4e2c7b35fe) Importer(815301076,1909f56bfc062723c751e8b465ee728b)  -> (artifact id: '5a93ae7eb8d15d76cc6466a7fdfb480a') in 0.014114 seconds
  Import took 0.020071 seconds .

========================================================================
Received Import Request.
  Time since last request: 151.581185 seconds.
  path: Assets/Scenes/MenuScreens/PLANETS.unity
  artifactKey: Guid(fa09abbddaec5c74dab42546bfb67b0f) Importer(815301076,1909f56bfc062723c751e8b465ee728b)
Start importing Assets/Scenes/MenuScreens/PLANETS.unity using Guid(fa09abbddaec5c74dab42546bfb67b0f) Importer(815301076,1909f56bfc062723c751e8b465ee728b)  -> (artifact id: '4e349254c340dfeff6d0aa1ea6158f2f') in 0.023911 seconds
  Import took 0.028859 seconds .

========================================================================
Received Prepare
Registering precompiled user dll's ...
Registered in 0.002875 seconds.
Begin MonoManager ReloadAssembly
Native extension for WindowsStandalone target not found
Refreshing native plugins compatible for Editor in 0.42 ms, found 2 plugins.
Preloading 0 native plugins for Editor in 0.00 ms.
Mono: successfully reloaded assembly
- Completed reload, in  1.658 seconds
Platform modules already initialized, skipping
Switching build target platform(5) subTarget(0) extendedPlatform(0) -> platform(13) subTarget(524288) extendedPlatform(0)
Refreshing native plugins compatible for Editor in 0.72 ms, found 2 plugins.
Preloading 0 native plugins for Editor in 0.00 ms.
Unloading 1756 Unused Serialized files (Serialized files now loaded: 0)
System memory in use before: 81.6 MB.
System memory in use after: 81.7 MB.

Unloading 17 unused Assets to reduce memory usage. Loaded Objects now: 2270.
Total: 3.100000 ms (FindLiveObjects: 0.274400 ms CreateObjectMapping: 0.103200 ms MarkObjects: 2.673200 ms  DeleteObjects: 0.046900 ms)

AssetImportParameters requested are different than current active one (requested -> active):
  custom:graphics/normal-map-encoding: 01000000000000000000000000000000 -> 02000000000000000000000000000000
========================================================================
Received Import Request.
  Time since last request: 84.257524 seconds.
  path: Assets/Assets/3DModels/MenuScreens - Copy/PlanetsMenu.unity
  artifactKey: Guid(e811812a3c78044469bfe6727d90f33d) Importer(815301076,1909f56bfc062723c751e8b465ee728b)
Start importing Assets/Assets/3DModels/MenuScreens - Copy/PlanetsMenu.unity using Guid(e811812a3c78044469bfe6727d90f33d) Importer(815301076,1909f56bfc062723c751e8b465ee728b)  -> (artifact id: 'a0ca4ae8b68b9f3ec44ab53c9b2c7768') in 0.032384 seconds
  Import took 0.036475 seconds .

========================================================================
Received Import Request.
  Time since last request: 10.844620 seconds.
  path: Assets/Assets/3DModels/MenuScreens - Copy/HUMAN.unity
  artifactKey: Guid(e811812a3c78044469bfe6727d90f33d) Importer(815301076,1909f56bfc062723c751e8b465ee728b)
Start importing Assets/Assets/3DModels/MenuScreens - Copy/HUMAN.unity using Guid(e811812a3c78044469bfe6727d90f33d) Importer(815301076,1909f56bfc062723c751e8b465ee728b)  -> (artifact id: '89ddbf42d0ba81737892d8aec3cc1e1e') in 0.008772 seconds
  Import took 0.012964 seconds .

========================================================================
Received Import Request.
  Time since last request: 222.163133 seconds.
  path: Assets/Assets/UI/HUMAN-removebg-preview.png
  artifactKey: Guid(5199a1d3f09d95f4d93bcf6072455194) Importer(815301076,1909f56bfc062723c751e8b465ee728b)
Start importing Assets/Assets/UI/HUMAN-removebg-preview.png using Guid(5199a1d3f09d95f4d93bcf6072455194) Importer(815301076,1909f56bfc062723c751e8b465ee728b)  -> (artifact id: '8b7a94903d7c7603a11d21711193689b') in 0.052034 seconds
  Import took 0.060810 seconds .

========================================================================
Received Import Request.
  Time since last request: 0.005047 seconds.
  path: Assets/Assets/UI/HUMAN-removebg-preview.png
  artifactKey: Guid(5199a1d3f09d95f4d93bcf6072455194) Importer(815301076,1909f56bfc062723c751e8b465ee728b)
Start importing Assets/Assets/UI/HUMAN-removebg-preview.png using Guid(5199a1d3f09d95f4d93bcf6072455194) Importer(815301076,1909f56bfc062723c751e8b465ee728b)  -> (artifact id: '8b7a94903d7c7603a11d21711193689b') in 0.012981 seconds
  Import took 0.018817 seconds .

========================================================================
Received Import Request.
  Time since last request: 17.650849 seconds.
  path: Assets/Assets/UI/HUMAN-removebg-preview.png
  artifactKey: Guid(5199a1d3f09d95f4d93bcf6072455194) Importer(815301076,1909f56bfc062723c751e8b465ee728b)
Start importing Assets/Assets/UI/HUMAN-removebg-preview.png using Guid(5199a1d3f09d95f4d93bcf6072455194) Importer(815301076,1909f56bfc062723c751e8b465ee728b)  -> (artifact id: '4ec7bf1e5ede689602192d22c7eb4a2d') in 0.043525 seconds
  Import took 0.048424 seconds .

========================================================================
Received Import Request.
  Time since last request: 4262.949944 seconds.
  path: Assets/Scenes/MenuScreens/MENUS.unity
  artifactKey: Guid(c7c00d556c48e8440ad234a46f2909a8) Importer(815301076,1909f56bfc062723c751e8b465ee728b)
Start importing Assets/Scenes/MenuScreens/MENUS.unity using Guid(c7c00d556c48e8440ad234a46f2909a8) Importer(815301076,1909f56bfc062723c751e8b465ee728b)  -> (artifact id: '90cec147c6024f5692df0d7279ae06c8') in 0.022370 seconds
  Import took 0.027786 seconds .

========================================================================
Received Import Request.
  Time since last request: 18.698899 seconds.
  path: Assets/Scenes/MenuScreens/HUMAN.unity
  artifactKey: Guid(e811812a3c78044469bfe6727d90f33d) Importer(815301076,1909f56bfc062723c751e8b465ee728b)
Start importing Assets/Scenes/MenuScreens/HUMAN.unity using Guid(e811812a3c78044469bfe6727d90f33d) Importer(815301076,1909f56bfc062723c751e8b465ee728b)  -> (artifact id: '13a2bbd05c3bdcfe79afce7d2ad0bc5c') in 0.005384 seconds
  Import took 0.010381 seconds .

========================================================================
Received Import Request.
  Time since last request: 142.451094 seconds.
  path: Assets/Scenes/MenuScreens/HUMAN.unity
  artifactKey: Guid(e811812a3c78044469bfe6727d90f33d) Importer(815301076,1909f56bfc062723c751e8b465ee728b)
Start importing Assets/Scenes/MenuScreens/HUMAN.unity using Guid(e811812a3c78044469bfe6727d90f33d) Importer(815301076,1909f56bfc062723c751e8b465ee728b)  -> (artifact id: '5d87495cc3c34e8f2adf8811526f23cc') in 0.012277 seconds
  Import took 0.019472 seconds .

========================================================================
Received Prepare
Registering precompiled user dll's ...
Registered in 0.116529 seconds.
Begin MonoManager ReloadAssembly
Native extension for WindowsStandalone target not found
Refreshing native plugins compatible for Editor in 0.44 ms, found 2 plugins.
Preloading 0 native plugins for Editor in 0.00 ms.
Mono: successfully reloaded assembly
- Completed reload, in  1.401 seconds
Platform modules already initialized, skipping
Switching build target platform(5) subTarget(0) extendedPlatform(0) -> platform(13) subTarget(524288) extendedPlatform(0)
Refreshing native plugins compatible for Editor in 0.44 ms, found 2 plugins.
Preloading 0 native plugins for Editor in 0.00 ms.
Unloading 1756 Unused Serialized files (Serialized files now loaded: 0)
System memory in use before: 81.6 MB.
System memory in use after: 81.7 MB.

Unloading 17 unused Assets to reduce memory usage. Loaded Objects now: 2276.
Total: 4.312800 ms (FindLiveObjects: 1.251600 ms CreateObjectMapping: 0.192100 ms MarkObjects: 2.806600 ms  DeleteObjects: 0.053600 ms)

AssetImportParameters requested are different than current active one (requested -> active):
  custom:graphics/normal-map-encoding: 01000000000000000000000000000000 -> 02000000000000000000000000000000
========================================================================
Received Prepare
Registering precompiled user dll's ...
Registered in 0.008058 seconds.
Begin MonoManager ReloadAssembly
Native extension for WindowsStandalone target not found
Refreshing native plugins compatible for Editor in 0.51 ms, found 2 plugins.
Preloading 0 native plugins for Editor in 0.00 ms.
Mono: successfully reloaded assembly
- Completed reload, in  1.189 seconds
Platform modules already initialized, skipping
Switching build target platform(5) subTarget(0) extendedPlatform(0) -> platform(13) subTarget(524288) extendedPlatform(0)
Refreshing native plugins compatible for Editor in 0.42 ms, found 2 plugins.
Preloading 0 native plugins for Editor in 0.00 ms.
Unloading 1756 Unused Serialized files (Serialized files now loaded: 0)
System memory in use before: 81.6 MB.
System memory in use after: 81.7 MB.

Unloading 17 unused Assets to reduce memory usage. Loaded Objects now: 2279.
Total: 6.817800 ms (FindLiveObjects: 1.226200 ms CreateObjectMapping: 0.345200 ms MarkObjects: 5.154700 ms  DeleteObjects: 0.088200 ms)

AssetImportParameters requested are different than current active one (requested -> active):
  custom:graphics/normal-map-encoding: 01000000000000000000000000000000 -> 02000000000000000000000000000000
========================================================================
Received Import Request.
  Time since last request: 203.310088 seconds.
  path: Assets/Scenes/MenuScreens/MENUS.unity
  artifactKey: Guid(c7c00d556c48e8440ad234a46f2909a8) Importer(815301076,1909f56bfc062723c751e8b465ee728b)
Start importing Assets/Scenes/MenuScreens/MENUS.unity using Guid(c7c00d556c48e8440ad234a46f2909a8) Importer(815301076,1909f56bfc062723c751e8b465ee728b)  -> (artifact id: '0d6c0eb351c6da22335dac61d4fed999') in 0.036256 seconds
  Import took 0.040739 seconds .

========================================================================
Received Import Request.
  Time since last request: 92.926054 seconds.
  path: Assets/Scenes/MenuScreens/HUMAN.unity
  artifactKey: Guid(e811812a3c78044469bfe6727d90f33d) Importer(815301076,1909f56bfc062723c751e8b465ee728b)
Start importing Assets/Scenes/MenuScreens/HUMAN.unity using Guid(e811812a3c78044469bfe6727d90f33d) Importer(815301076,1909f56bfc062723c751e8b465ee728b)  -> (artifact id: '587433292c485e634287f133acd1b76c') in 0.010225 seconds
  Import took 0.041147 seconds .

========================================================================
Received Prepare
Registering precompiled user dll's ...
Registered in 0.003758 seconds.
Begin MonoManager ReloadAssembly
Native extension for WindowsStandalone target not found
Refreshing native plugins compatible for Editor in 0.41 ms, found 2 plugins.
Preloading 0 native plugins for Editor in 0.00 ms.
Mono: successfully reloaded assembly
- Completed reload, in  1.155 seconds
Platform modules already initialized, skipping
Switching build target platform(5) subTarget(0) extendedPlatform(0) -> platform(13) subTarget(524288) extendedPlatform(0)
Refreshing native plugins compatible for Editor in 0.68 ms, found 2 plugins.
Preloading 0 native plugins for Editor in 0.00 ms.
Unloading 1756 Unused Serialized files (Serialized files now loaded: 0)
System memory in use before: 81.7 MB.
System memory in use after: 81.8 MB.

Unloading 17 unused Assets to reduce memory usage. Loaded Objects now: 2282.
Total: 3.461000 ms (FindLiveObjects: 0.365400 ms CreateObjectMapping: 0.148600 ms MarkObjects: 2.897500 ms  DeleteObjects: 0.046300 ms)

AssetImportParameters requested are different than current active one (requested -> active):
  custom:graphics/normal-map-encoding: 01000000000000000000000000000000 -> 02000000000000000000000000000000
========================================================================
Received Import Request.
  Time since last request: 65.473485 seconds.
  path: Assets/Assets/3DModels/MenuScreens - Copy/PLANETS.unity
  artifactKey: Guid(7aa2de4631e4e2b4bb310bfaec0e52eb) Importer(815301076,1909f56bfc062723c751e8b465ee728b)
Start importing Assets/Assets/3DModels/MenuScreens - Copy/PLANETS.unity using Guid(7aa2de4631e4e2b4bb310bfaec0e52eb) Importer(815301076,1909f56bfc062723c751e8b465ee728b)  -> (artifact id: '1a44b63bfaee498538377ad36e806e13') in 0.059530 seconds
  Import took 0.077062 seconds .

========================================================================
Received Import Request.
  Time since last request: 24.377052 seconds.
  path: Assets/Assets/3DModels/MenuScreens - Copy/MECH.unity
  artifactKey: Guid(7aa2de4631e4e2b4bb310bfaec0e52eb) Importer(815301076,1909f56bfc062723c751e8b465ee728b)
Start importing Assets/Assets/3DModels/MenuScreens - Copy/MECH.unity using Guid(7aa2de4631e4e2b4bb310bfaec0e52eb) Importer(815301076,1909f56bfc062723c751e8b465ee728b)  -> (artifact id: '8ad8cc359ef7c74b7b44c0487a2cfe97') in 0.011159 seconds
  Import took 0.015591 seconds .

========================================================================
Received Import Request.
  Time since last request: 145.336547 seconds.
  path: Assets/Assets/UI/MECH-removebg-preview.png
  artifactKey: Guid(c52014a72c353be439f40c7ec52f509a) Importer(815301076,1909f56bfc062723c751e8b465ee728b)
Start importing Assets/Assets/UI/MECH-removebg-preview.png using Guid(c52014a72c353be439f40c7ec52f509a) Importer(815301076,1909f56bfc062723c751e8b465ee728b)  -> (artifact id: 'c8a8c93d9b8be62aca324c6ba80491c8') in 0.081793 seconds
  Import took 0.094934 seconds .

========================================================================
Received Import Request.
  Time since last request: 5.101845 seconds.
  path: Assets/Assets/UI/MECH-removebg-preview.png
  artifactKey: Guid(c52014a72c353be439f40c7ec52f509a) Importer(815301076,1909f56bfc062723c751e8b465ee728b)
Start importing Assets/Assets/UI/MECH-removebg-preview.png using Guid(c52014a72c353be439f40c7ec52f509a) Importer(815301076,1909f56bfc062723c751e8b465ee728b)  -> (artifact id: '9e59c4147b4d016e670d428018b2a675') in 0.046346 seconds
  Import took 0.051673 seconds .

========================================================================
Received Import Request.
  Time since last request: 142.752582 seconds.
  path: Assets/Scenes/MenuScreens/MECH.unity
  artifactKey: Guid(7aa2de4631e4e2b4bb310bfaec0e52eb) Importer(815301076,1909f56bfc062723c751e8b465ee728b)
Start importing Assets/Scenes/MenuScreens/MECH.unity using Guid(7aa2de4631e4e2b4bb310bfaec0e52eb) Importer(815301076,1909f56bfc062723c751e8b465ee728b)  -> (artifact id: '167a9632082910b7e5c8a8c3acd522b8') in 0.014850 seconds
  Import took 0.020261 seconds .

========================================================================
Received Prepare
Registering precompiled user dll's ...
Registered in 0.003581 seconds.
Begin MonoManager ReloadAssembly
Native extension for WindowsStandalone target not found
Refreshing native plugins compatible for Editor in 1.33 ms, found 2 plugins.
Preloading 0 native plugins for Editor in 0.00 ms.
Mono: successfully reloaded assembly
- Completed reload, in  1.074 seconds
Platform modules already initialized, skipping
Switching build target platform(5) subTarget(0) extendedPlatform(0) -> platform(13) subTarget(524288) extendedPlatform(0)
Refreshing native plugins compatible for Editor in 0.41 ms, found 2 plugins.
Preloading 0 native plugins for Editor in 0.00 ms.
Unloading 1756 Unused Serialized files (Serialized files now loaded: 0)
System memory in use before: 81.9 MB.
System memory in use after: 82.0 MB.

Unloading 17 unused Assets to reduce memory usage. Loaded Objects now: 2288.
Total: 2.362500 ms (FindLiveObjects: 0.203600 ms CreateObjectMapping: 0.067200 ms MarkObjects: 2.058900 ms  DeleteObjects: 0.031600 ms)

AssetImportParameters requested are different than current active one (requested -> active):
  custom:graphics/normal-map-encoding: 01000000000000000000000000000000 -> 02000000000000000000000000000000
========================================================================
Received Import Request.
  Time since last request: 125.034292 seconds.
  path: Assets/Scenes/MenuScreens/MENUS.unity
  artifactKey: Guid(c7c00d556c48e8440ad234a46f2909a8) Importer(815301076,1909f56bfc062723c751e8b465ee728b)
Start importing Assets/Scenes/MenuScreens/MENUS.unity using Guid(c7c00d556c48e8440ad234a46f2909a8) Importer(815301076,1909f56bfc062723c751e8b465ee728b)  -> (artifact id: '00d12069a4e332bf14dcced82ed82ba4') in 0.014109 seconds
  Import took 0.018568 seconds .

========================================================================
Received Prepare
Registering precompiled user dll's ...
Registered in 0.003593 seconds.
Begin MonoManager ReloadAssembly
Native extension for WindowsStandalone target not found
Refreshing native plugins compatible for Editor in 0.41 ms, found 2 plugins.
Preloading 0 native plugins for Editor in 0.00 ms.
Mono: successfully reloaded assembly
- Completed reload, in  1.046 seconds
Platform modules already initialized, skipping
Switching build target platform(5) subTarget(0) extendedPlatform(0) -> platform(13) subTarget(524288) extendedPlatform(0)
Refreshing native plugins compatible for Editor in 0.55 ms, found 2 plugins.
Preloading 0 native plugins for Editor in 0.00 ms.
Unloading 1756 Unused Serialized files (Serialized files now loaded: 0)
System memory in use before: 81.9 MB.
System memory in use after: 82.0 MB.

Unloading 17 unused Assets to reduce memory usage. Loaded Objects now: 2291.
Total: 7.508500 ms (FindLiveObjects: 1.199000 ms CreateObjectMapping: 0.364600 ms MarkObjects: 5.835100 ms  DeleteObjects: 0.103400 ms)

AssetImportParameters requested are different than current active one (requested -> active):
  custom:graphics/normal-map-encoding: 01000000000000000000000000000000 -> 02000000000000000000000000000000
========================================================================
Received Import Request.
  Time since last request: 649.095351 seconds.
  path: Assets/Scenes/MenuScreens/MECH.unity
  artifactKey: Guid(7aa2de4631e4e2b4bb310bfaec0e52eb) Importer(815301076,1909f56bfc062723c751e8b465ee728b)
Start importing Assets/Scenes/MenuScreens/MECH.unity using Guid(7aa2de4631e4e2b4bb310bfaec0e52eb) Importer(815301076,1909f56bfc062723c751e8b465ee728b)  -> (artifact id: '9dd903c2ad04f28f45467fbd7baa108d') in 0.015090 seconds
  Import took 0.033160 seconds .

========================================================================
Received Prepare
Registering precompiled user dll's ...
Registered in 0.003464 seconds.
Begin MonoManager ReloadAssembly
Native extension for WindowsStandalone target not found
Refreshing native plugins compatible for Editor in 0.52 ms, found 2 plugins.
Preloading 0 native plugins for Editor in 0.00 ms.
Mono: successfully reloaded assembly
- Completed reload, in  1.062 seconds
Platform modules already initialized, skipping
Switching build target platform(5) subTarget(0) extendedPlatform(0) -> platform(13) subTarget(524288) extendedPlatform(0)
Refreshing native plugins compatible for Editor in 0.59 ms, found 2 plugins.
Preloading 0 native plugins for Editor in 0.00 ms.
Unloading 1756 Unused Serialized files (Serialized files now loaded: 0)
System memory in use before: 81.9 MB.
System memory in use after: 82.0 MB.

Unloading 17 unused Assets to reduce memory usage. Loaded Objects now: 2294.
Total: 2.206500 ms (FindLiveObjects: 0.222400 ms CreateObjectMapping: 0.065200 ms MarkObjects: 1.886200 ms  DeleteObjects: 0.032100 ms)

AssetImportParameters requested are different than current active one (requested -> active):
  custom:graphics/normal-map-encoding: 01000000000000000000000000000000 -> 02000000000000000000000000000000
========================================================================
Received Import Request.
  Time since last request: 82.731815 seconds.
  path: Assets/Assets/3DModels/MenuScreens - Copy/HUMAN.unity
  artifactKey: Guid(d78e55199b8a6c643bb9f01c2613b5f6) Importer(815301076,1909f56bfc062723c751e8b465ee728b)
Start importing Assets/Assets/3DModels/MenuScreens - Copy/HUMAN.unity using Guid(d78e55199b8a6c643bb9f01c2613b5f6) Importer(815301076,1909f56bfc062723c751e8b465ee728b)  -> (artifact id: 'ab26fd2b6e5c1ccc2aa792316ef14c4f') in 0.019146 seconds
  Import took 0.034093 seconds .

========================================================================
Received Import Request.
  Time since last request: 2.735888 seconds.
  path: Assets/Assets/3DModels/MenuScreens - Copy
  artifactKey: Guid(795f03fc00edfaa469cb6f07feae8090) Importer(815301076,1909f56bfc062723c751e8b465ee728b)
Start importing Assets/Assets/3DModels/MenuScreens - Copy using Guid(795f03fc00edfaa469cb6f07feae8090) Importer(815301076,1909f56bfc062723c751e8b465ee728b)  -> (artifact id: '4cd01d6bd9da3899908de1b250c0034a') in 0.008681 seconds
  Import took 0.012271 seconds .

========================================================================
Received Import Request.
  Time since last request: 17.483723 seconds.
  path: Assets/Assets/3DModels/MenuScreens - Copy/MENUS.unity
  artifactKey: Guid(a7d8ed3bcef31c443bcce3caa01fdb1a) Importer(815301076,1909f56bfc062723c751e8b465ee728b)
Start importing Assets/Assets/3DModels/MenuScreens - Copy/MENUS.unity using Guid(a7d8ed3bcef31c443bcce3caa01fdb1a) Importer(815301076,1909f56bfc062723c751e8b465ee728b)  -> (artifact id: '697d544c4864a9442859d23a2e07ab13') in 0.010171 seconds
  Import took 0.025120 seconds .

========================================================================
Received Prepare
Registering precompiled user dll's ...
Registered in 0.003561 seconds.
Begin MonoManager ReloadAssembly
Native extension for WindowsStandalone target not found
Refreshing native plugins compatible for Editor in 0.46 ms, found 2 plugins.
Preloading 0 native plugins for Editor in 0.00 ms.
Mono: successfully reloaded assembly
- Completed reload, in  0.999 seconds
Platform modules already initialized, skipping
Switching build target platform(5) subTarget(0) extendedPlatform(0) -> platform(13) subTarget(524288) extendedPlatform(0)
Refreshing native plugins compatible for Editor in 0.42 ms, found 2 plugins.
Preloading 0 native plugins for Editor in 0.00 ms.
Unloading 1756 Unused Serialized files (Serialized files now loaded: 0)
System memory in use before: 82.0 MB.
System memory in use after: 82.0 MB.

Unloading 17 unused Assets to reduce memory usage. Loaded Objects now: 2297.
Total: 2.912600 ms (FindLiveObjects: 0.595000 ms CreateObjectMapping: 0.128900 ms MarkObjects: 2.150100 ms  DeleteObjects: 0.037000 ms)

AssetImportParameters requested are different than current active one (requested -> active):
  custom:graphics/normal-map-encoding: 01000000000000000000000000000000 -> 02000000000000000000000000000000
========================================================================
Received Import Request.
  Time since last request: 83.920130 seconds.
  path: Assets/Assets/3DModels/MenuScreens - Copy/PLANT.unity
  artifactKey: Guid(d78e55199b8a6c643bb9f01c2613b5f6) Importer(815301076,1909f56bfc062723c751e8b465ee728b)
Start importing Assets/Assets/3DModels/MenuScreens - Copy/PLANT.unity using Guid(d78e55199b8a6c643bb9f01c2613b5f6) Importer(815301076,1909f56bfc062723c751e8b465ee728b)  -> (artifact id: 'dc0e31cf0d123635fc0a52438ba1e3fd') in 0.015967 seconds
  Import took 0.032444 seconds .

========================================================================
Received Import Request.
  Time since last request: 134.451520 seconds.
  path: Assets/Assets/UI/BOT-removebg-preview.png
  artifactKey: Guid(16c81536624c2a542877ef3efc8c90bd) Importer(815301076,1909f56bfc062723c751e8b465ee728b)
Start importing Assets/Assets/UI/BOT-removebg-preview.png using Guid(16c81536624c2a542877ef3efc8c90bd) Importer(815301076,1909f56bfc062723c751e8b465ee728b)  -> (artifact id: 'b65ac5ba8cd650de7e74bc0a4cc2e3e1') in 0.048949 seconds
  Import took 0.053038 seconds .

========================================================================
Received Import Request.
  Time since last request: 0.009244 seconds.
  path: Assets/Assets/UI/BOT-removebg-preview.png
  artifactKey: Guid(16c81536624c2a542877ef3efc8c90bd) Importer(815301076,1909f56bfc062723c751e8b465ee728b)
Start importing Assets/Assets/UI/BOT-removebg-preview.png using Guid(16c81536624c2a542877ef3efc8c90bd) Importer(815301076,1909f56bfc062723c751e8b465ee728b)  -> (artifact id: 'b65ac5ba8cd650de7e74bc0a4cc2e3e1') in 0.013187 seconds
  Import took 0.016533 seconds .

========================================================================
Received Import Request.
  Time since last request: 116.621176 seconds.
  path: Assets/Assets/UI/BOT-removebg-preview.png
  artifactKey: Guid(16c81536624c2a542877ef3efc8c90bd) Importer(815301076,1909f56bfc062723c751e8b465ee728b)
Start importing Assets/Assets/UI/BOT-removebg-preview.png using Guid(16c81536624c2a542877ef3efc8c90bd) Importer(815301076,1909f56bfc062723c751e8b465ee728b)  -> (artifact id: '80fa4724aa35f18779a154697103fa9e') in 0.054688 seconds
  Import took 0.059039 seconds .

========================================================================
Received Prepare
Registering precompiled user dll's ...
Registered in 0.003365 seconds.
Begin MonoManager ReloadAssembly
Native extension for WindowsStandalone target not found
Refreshing native plugins compatible for Editor in 0.45 ms, found 2 plugins.
Preloading 0 native plugins for Editor in 0.00 ms.
Mono: successfully reloaded assembly
- Completed reload, in  1.207 seconds
Platform modules already initialized, skipping
Switching build target platform(5) subTarget(0) extendedPlatform(0) -> platform(13) subTarget(524288) extendedPlatform(0)
Refreshing native plugins compatible for Editor in 0.47 ms, found 2 plugins.
Preloading 0 native plugins for Editor in 0.00 ms.
Unloading 1756 Unused Serialized files (Serialized files now loaded: 0)
System memory in use before: 82.0 MB.
System memory in use after: 82.1 MB.

Unloading 17 unused Assets to reduce memory usage. Loaded Objects now: 2302.
Total: 2.522000 ms (FindLiveObjects: 0.213700 ms CreateObjectMapping: 0.063700 ms MarkObjects: 2.208700 ms  DeleteObjects: 0.034800 ms)

AssetImportParameters requested are different than current active one (requested -> active):
  custom:graphics/normal-map-encoding: 01000000000000000000000000000000 -> 02000000000000000000000000000000
========================================================================
Received Import Request.
  Time since last request: 253.336521 seconds.
  path: Assets/Scenes/MenuScreens/PLANT.unity
  artifactKey: Guid(d78e55199b8a6c643bb9f01c2613b5f6) Importer(815301076,1909f56bfc062723c751e8b465ee728b)
Start importing Assets/Scenes/MenuScreens/PLANT.unity using Guid(d78e55199b8a6c643bb9f01c2613b5f6) Importer(815301076,1909f56bfc062723c751e8b465ee728b)  -> (artifact id: '3d28f2ac964b918dca3659698cbdc9be') in 0.021229 seconds
  Import took 0.035490 seconds .

========================================================================
Received Import Request.
  Time since last request: 63.983410 seconds.
  path: Assets/Scenes/Planets/Earth.unity
  artifactKey: Guid(f327471ad95effe4782cc5bf47397b59) Importer(815301076,1909f56bfc062723c751e8b465ee728b)
Start importing Assets/Scenes/Planets/Earth.unity using Guid(f327471ad95effe4782cc5bf47397b59) Importer(815301076,1909f56bfc062723c751e8b465ee728b)  -> (artifact id: '4fc70f7c76da9eaf71ee35bc30efaeea') in 0.013262 seconds
  Import took 0.018712 seconds .

========================================================================
Received Import Request.
  Time since last request: 78.117406 seconds.
  path: Assets/Scenes/Planets/Jupiter.unity
  artifactKey: Guid(77baeefb32c13f04c8453a2695d7ff11) Importer(815301076,1909f56bfc062723c751e8b465ee728b)
Start importing Assets/Scenes/Planets/Jupiter.unity using Guid(77baeefb32c13f04c8453a2695d7ff11) Importer(815301076,1909f56bfc062723c751e8b465ee728b)  -> (artifact id: 'b47a201b561395ed4fe6eb817f040c99') in 0.009047 seconds
  Import took 0.024141 seconds .

========================================================================
Received Import Request.
  Time since last request: 54.728062 seconds.
  path: Assets/Scenes/Planets/Saturn.unity
  artifactKey: Guid(9e585009de3120344a870ccdced6fab2) Importer(815301076,1909f56bfc062723c751e8b465ee728b)
Start importing Assets/Scenes/Planets/Saturn.unity using Guid(9e585009de3120344a870ccdced6fab2) Importer(815301076,1909f56bfc062723c751e8b465ee728b)  -> (artifact id: 'adb6b13f55eb106046ecfefca23a89f7') in 0.021150 seconds
  Import took 0.025140 seconds .

========================================================================
Received Prepare
Registering precompiled user dll's ...
Registered in 0.006695 seconds.
Begin MonoManager ReloadAssembly
Native extension for WindowsStandalone target not found
Refreshing native plugins compatible for Editor in 0.82 ms, found 2 plugins.
Preloading 0 native plugins for Editor in 0.00 ms.
Mono: successfully reloaded assembly
- Completed reload, in  1.677 seconds
Platform modules already initialized, skipping
Switching build target platform(5) subTarget(0) extendedPlatform(0) -> platform(13) subTarget(524288) extendedPlatform(0)
Refreshing native plugins compatible for Editor in 1.34 ms, found 2 plugins.
Preloading 0 native plugins for Editor in 0.00 ms.
Unloading 1756 Unused Serialized files (Serialized files now loaded: 0)
System memory in use before: 82.0 MB.
System memory in use after: 82.1 MB.

Unloading 17 unused Assets to reduce memory usage. Loaded Objects now: 2305.
Total: 3.447900 ms (FindLiveObjects: 0.383200 ms CreateObjectMapping: 0.120200 ms MarkObjects: 2.900600 ms  DeleteObjects: 0.041900 ms)

AssetImportParameters requested are different than current active one (requested -> active):
  custom:graphics/normal-map-encoding: 01000000000000000000000000000000 -> 02000000000000000000000000000000
========================================================================
Received Import Request.
  Time since last request: 300.938764 seconds.
  path: Assets/Assets/UI/Botany-removebg-preview.png
  artifactKey: Guid(26323c0743e976247b8fc5184601d63e) Importer(815301076,1909f56bfc062723c751e8b465ee728b)
Start importing Assets/Assets/UI/Botany-removebg-preview.png using Guid(26323c0743e976247b8fc5184601d63e) Importer(815301076,1909f56bfc062723c751e8b465ee728b)  -> (artifact id: 'baea234c09910580eed110f914ff61e1') in 0.056537 seconds
  Import took 0.062049 seconds .

========================================================================
Received Import Request.
  Time since last request: 0.001526 seconds.
  path: Assets/Assets/UI/Botany-removebg-preview.png
  artifactKey: Guid(26323c0743e976247b8fc5184601d63e) Importer(815301076,1909f56bfc062723c751e8b465ee728b)
Start importing Assets/Assets/UI/Botany-removebg-preview.png using Guid(26323c0743e976247b8fc5184601d63e) Importer(815301076,1909f56bfc062723c751e8b465ee728b)  -> (artifact id: 'baea234c09910580eed110f914ff61e1') in 0.019139 seconds
  Import took 0.026497 seconds .

========================================================================
Received Import Request.
  Time since last request: 8.018017 seconds.
  path: Assets/Assets/UI/Botany-removebg-preview.png
  artifactKey: Guid(26323c0743e976247b8fc5184601d63e) Importer(815301076,1909f56bfc062723c751e8b465ee728b)
Start importing Assets/Assets/UI/Botany-removebg-preview.png using Guid(26323c0743e976247b8fc5184601d63e) Importer(815301076,1909f56bfc062723c751e8b465ee728b)  -> (artifact id: 'd312b2959ef086c39035c2f04711564e') in 0.054223 seconds
  Import took 0.059311 seconds .

========================================================================
Received Import Request.
  Time since last request: 11.649071 seconds.
  path: Assets/Scenes/MenuScreens/MENUS.unity
  artifactKey: Guid(c7c00d556c48e8440ad234a46f2909a8) Importer(815301076,1909f56bfc062723c751e8b465ee728b)
Start importing Assets/Scenes/MenuScreens/MENUS.unity using Guid(c7c00d556c48e8440ad234a46f2909a8) Importer(815301076,1909f56bfc062723c751e8b465ee728b)  -> (artifact id: '6bd6a64cb3f2fee514235fe4ffc1f10f') in 0.004101 seconds
  Import took 0.008488 seconds .

========================================================================
Received Prepare
Registering precompiled user dll's ...
Registered in 0.003703 seconds.
Begin MonoManager ReloadAssembly
Native extension for WindowsStandalone target not found
Refreshing native plugins compatible for Editor in 0.44 ms, found 2 plugins.
Preloading 0 native plugins for Editor in 0.00 ms.
Mono: successfully reloaded assembly
- Completed reload, in  1.169 seconds
Platform modules already initialized, skipping
Switching build target platform(5) subTarget(0) extendedPlatform(0) -> platform(13) subTarget(524288) extendedPlatform(0)
Refreshing native plugins compatible for Editor in 0.51 ms, found 2 plugins.
Preloading 0 native plugins for Editor in 0.00 ms.
Unloading 1756 Unused Serialized files (Serialized files now loaded: 0)
System memory in use before: 82.0 MB.
System memory in use after: 82.1 MB.

Unloading 16 unused Assets to reduce memory usage. Loaded Objects now: 2311.
Total: 2.676600 ms (FindLiveObjects: 0.229200 ms CreateObjectMapping: 0.073500 ms MarkObjects: 2.347300 ms  DeleteObjects: 0.024900 ms)

AssetImportParameters requested are different than current active one (requested -> active):
  custom:graphics/normal-map-encoding: 01000000000000000000000000000000 -> 02000000000000000000000000000000
========================================================================
Received Prepare
Refreshing native plugins compatible for Editor in 2.93 ms, found 2 plugins.
Preloading 0 native plugins for Editor in 0.00 ms.
Unloading 13 Unused Serialized files (Serialized files now loaded: 0)
System memory in use before: 47.5 MB.
System memory in use after: 47.7 MB.

Unloading 13 unused Assets to reduce memory usage. Loaded Objects now: 2311.
Total: 2.873800 ms (FindLiveObjects: 0.346200 ms CreateObjectMapping: 0.108600 ms MarkObjects: 2.396400 ms  DeleteObjects: 0.019900 ms)

========================================================================
Received Prepare
Refreshing native plugins compatible for Editor in 2.72 ms, found 2 plugins.
Preloading 0 native plugins for Editor in 0.00 ms.
Unloading 13 Unused Serialized files (Serialized files now loaded: 0)
System memory in use before: 47.5 MB.
System memory in use after: 47.7 MB.

Unloading 13 unused Assets to reduce memory usage. Loaded Objects now: 2311.
Total: 27.231600 ms (FindLiveObjects: 2.516600 ms CreateObjectMapping: 0.485800 ms MarkObjects: 24.192400 ms  DeleteObjects: 0.028400 ms)

AssetImportWorkerClient::OnTransportError - code=2 error=End of file
